#
# A fatal error has been detected by the Java Runtime Environment:
#
#  SIGSEGV (0xb) at pc=0x00007f0858120832, pid=11380, tid=11389
#
# JRE version: OpenJDK Runtime Environment (17.0.1+12) (build 17.0.1+12)
# Java VM: OpenJDK 64-Bit Server VM (17.0.1+12, mixed mode, tiered, compressed oops, compressed class ptrs, parallel gc, linux-amd64)
# Problematic frame:
# V  [libjvm.so+0x51a832]
#
# Core dump will be written. Default location: Core dumps may be processed with "/usr/lib/systemd/systemd-coredump %P %u %g %s %t %c %h" (or dumping to /home/fritz/git/advent-of-code/2021/core.11380)
#
# If you would like to submit a bug report, please visit:
#   https://bugreport.java.com/bugreport/crash.jsp
#

---------------  S U M M A R Y ------------

Command Line: --add-modules=ALL-SYSTEM --add-opens=java.base/java.util=ALL-UNNAMED --add-opens=java.base/java.lang=ALL-UNNAMED -Declipse.application=org.eclipse.jdt.ls.core.id1 -Dosgi.bundles.defaultStartLevel=4 -Declipse.product=org.eclipse.jdt.ls.core.product -Djava.import.generatesMetadataFilesAtProjectRoot=false -Dfile.encoding=utf8 -XX:+UseParallelGC -XX:GCTimeRatio=4 -XX:AdaptiveSizePolicyWeight=90 -Dsun.zip.disableMemoryMapping=true -Xmx1G -Xms100m -XX:+HeapDumpOnOutOfMemoryError -XX:HeapDumpPath=/home/fritz/.config/VSCodium/User/workspaceStorage/ce076870c36d25dc29dc3cfdd126bfea/redhat.java /home/fritz/.vscode-oss/extensions/redhat.java-1.1.0/server/plugins/org.eclipse.equinox.launcher_1.6.400.v20210924-0641.jar -configuration /home/fritz/.config/VSCodium/User/globalStorage/redhat.java/1.1.0/config_linux -data /home/fritz/.config/VSCodium/User/workspaceStorage/ce076870c36d25dc29dc3cfdd126bfea/redhat.java/jdt_ws

Host: AMD Ryzen 5 3600 6-Core Processor, 12 cores, 15G, Manjaro Linux
Time: Thu Dec  2 18:01:15 2021 CET elapsed time: 186.387381 seconds (0d 0h 3m 6s)

---------------  T H R E A D  ---------------

Current thread (0x00007f085024b0d0):  JavaThread "C2 CompilerThread0" daemon [_thread_in_native, id=11389, stack(0x00007f0832db3000,0x00007f0832eb4000)]


Current CompileTask:
C2: 186387 11969  s!   4       org.eclipse.jdt.core.dom.DefaultBindingResolver::resolveName (1727 bytes)

Stack: [0x00007f0832db3000,0x00007f0832eb4000],  sp=0x00007f0832eb08a8,  free space=1014k
Native frames: (J=compiled Java code, j=interpreted, Vv=VM code, C=native code)
V  [libjvm.so+0x51a832]
V  [libjvm.so+0x7ab577]
V  [libjvm.so+0x7abcf9]
V  [libjvm.so+0xc57942]
V  [libjvm.so+0xc4f7c1]
V  [libjvm.so+0xc4fc07]
V  [libjvm.so+0xc53082]
V  [libjvm.so+0x5141fc]
V  [libjvm.so+0x515deb]
V  [libjvm.so+0x699b8d]
V  [libjvm.so+0xc4f7c1]
V  [libjvm.so+0xc4fc07]
V  [libjvm.so+0xc53082]
V  [libjvm.so+0x5141fc]
V  [libjvm.so+0x5d54b6]
V  [libjvm.so+0x512e88]
V  [libjvm.so+0x5de7b8]
V  [libjvm.so+0x5df388]
V  [libjvm.so+0xe73732]
V  [libjvm.so+0xe76ee1]
V  [libjvm.so+0xc2936e]


siginfo: si_signo: 11 (SIGSEGV), si_code: 1 (SEGV_MAPERR), si_addr: 0x000000100ceb7288

Register to memory mapping:

RAX=0x000000100ceb7268 is an unknown value
RBX=0x000000000000250d is an unknown value
RCX=0x0000000000000040 is an unknown value
RDX=0x00007f0858f3b6c8: <offset 0x00000000013356c8> in /usr/lib/jvm/java-17-openjdk/lib/server/libjvm.so at 0x00007f0857c06000
RSP=0x00007f0832eb08a8 is pointing into the stack for thread: 0x00007f085024b0d0
RBP=0x00007f0832eb08e0 is pointing into the stack for thread: 0x00007f085024b0d0
RSI=0x00007f0832eb1450 is pointing into the stack for thread: 0x00007f085024b0d0
RDI=0x00007f0818e99528 points into unknown readable memory: 0x00007f0858e90998 | 98 09 e9 58 08 7f 00 00
R8 =0x00007f0818e99900 points into unknown readable memory: 0x00007f0818e97788 | 88 77 e9 18 08 7f 00 00
R9 =0x00007f085024c350 points into unknown readable memory: 0x0000000000000002 | 02 00 00 00 00 00 00 00
R10=0x00007f0818e98480 points into unknown readable memory: 0x00007f0858eb0fa8 | a8 0f eb 58 08 7f 00 00
R11=0x0 is NULL
R12=0x00007f0858eeffd0: <offset 0x00000000012e9fd0> in /usr/lib/jvm/java-17-openjdk/lib/server/libjvm.so at 0x00007f0857c06000
R13=0x00007f0818e99528 points into unknown readable memory: 0x00007f0858e90998 | 98 09 e9 58 08 7f 00 00
R14=0x00007f0832eb1450 is pointing into the stack for thread: 0x00007f085024b0d0
R15=0x00007f0818e99528 points into unknown readable memory: 0x00007f0858e90998 | 98 09 e9 58 08 7f 00 00


Registers:
RAX=0x000000100ceb7268, RBX=0x000000000000250d, RCX=0x0000000000000040, RDX=0x00007f0858f3b6c8
RSP=0x00007f0832eb08a8, RBP=0x00007f0832eb08e0, RSI=0x00007f0832eb1450, RDI=0x00007f0818e99528
R8 =0x00007f0818e99900, R9 =0x00007f085024c350, R10=0x00007f0818e98480, R11=0x0000000000000000
R12=0x00007f0858eeffd0, R13=0x00007f0818e99528, R14=0x00007f0832eb1450, R15=0x00007f0818e99528
RIP=0x00007f0858120832, EFLAGS=0x0000000000010202, CSGSFS=0x002b000000000033, ERR=0x0000000000000004
  TRAPNO=0x000000000000000e

Top of Stack: (sp=0x00007f0832eb08a8)
0x00007f0832eb08a8:   00007f0858878b4b 00007f0818e98418
0x00007f0832eb08b8:   00007f0832eb0c30 0000000000000000
0x00007f0832eb08c8:   0000000000000001 00007f0818e99528
0x00007f0832eb08d8:   0000000000000020 00007f0832eb0960 

Instructions: (pc=0x00007f0858120832)
0x00007f0858120732:   66 0f 1f 44 00 00 4c 89 ef ff d0 8b 48 24 49 8b
0x00007f0858120742:   45 00 48 8b 80 88 00 00 00 4c 39 f8 74 1c 89 8d
0x00007f0858120752:   38 ff ff ff 4c 89 ef ff d0 8b 8d 38 ff ff ff e9
0x00007f0858120762:   0b ff ff ff ff 15 dc 5f d9 00 49 8b 45 38 e9 fc
0x00007f0858120772:   fe ff ff 66 2e 0f 1f 84 00 00 00 00 00 90 b8 40
0x00007f0858120782:   00 00 00 c3 66 2e 0f 1f 84 00 00 00 00 00 48 8b
0x00007f0858120792:   46 38 48 39 47 38 0f 94 c0 c3 0f 1f 40 00 48 8b
0x00007f08581207a2:   47 38 c3 90 66 2e 0f 1f 84 00 00 00 00 00 48 8b
0x00007f08581207b2:   47 38 c3 90 66 2e 0f 1f 84 00 00 00 00 00 48 8d
0x00007f08581207c2:   05 39 d5 df 00 c3 0f 1f 84 00 00 00 00 00 31 c0
0x00007f08581207d2:   c3 90 66 66 2e 0f 1f 84 00 00 00 00 00 90 48 8b
0x00007f08581207e2:   56 58 31 c0 48 39 57 58 74 04 c3 0f 1f 00 48 8b
0x00007f08581207f2:   46 38 48 39 47 38 0f 94 c0 c3 0f 1f 40 00 48 8b
0x00007f0858120802:   47 58 48 8b 40 20 c3 90 66 0f 1f 44 00 00 48 8b
0x00007f0858120812:   47 08 48 8b 00 8b 50 28 48 8b 46 50 48 8b 04 d0
0x00007f0858120822:   48 8d 15 9f ae e1 00 48 39 02 74 08 48 8b 47 58
0x00007f0858120832:   48 8b 40 20 c3 90 0f 1f 84 00 00 00 00 00 b8 98
0x00007f0858120842:   00 00 00 c3 66 2e 0f 1f 84 00 00 00 00 00 48 8b
0x00007f0858120852:   56 58 31 c0 48 39 57 58 74 04 c3 0f 1f 00 48 8b
0x00007f0858120862:   4e 38 48 39 4f 38 75 f2 48 8b 8e 88 00 00 00 48
0x00007f0858120872:   39 8f 88 00 00 00 75 e2 0f b6 86 82 00 00 00 38
0x00007f0858120882:   87 82 00 00 00 0f 94 c0 c3 90 0f 1f 40 00 48 8b
0x00007f0858120892:   56 58 31 c0 48 39 57 58 74 04 c3 0f 1f 00 48 8b
0x00007f08581208a2:   4e 38 48 39 4f 38 75 f2 48 8b 8e 88 00 00 00 48
0x00007f08581208b2:   39 8f 88 00 00 00 75 e2 0f b6 86 82 00 00 00 38
0x00007f08581208c2:   87 82 00 00 00 0f 94 c0 c3 90 0f 1f 40 00 b8 80
0x00007f08581208d2:   00 00 00 c3 66 2e 0f 1f 84 00 00 00 00 00 b8 88
0x00007f08581208e2:   00 00 00 c3 66 2e 0f 1f 84 00 00 00 00 00 b8 b8
0x00007f08581208f2:   00 00 00 c3 66 2e 0f 1f 84 00 00 00 00 00 b8 58
0x00007f0858120902:   00 00 00 c3 66 2e 0f 1f 84 00 00 00 00 00 48 39
0x00007f0858120912:   fe 0f 94 c0 c3 90 0f 1f 84 00 00 00 00 00 48 8b
0x00007f0858120922:   47 08 48 8b 10 48 8b 46 50 8b 4a 28 48 8b 04 c8 


Stack slot to memory mapping:
stack at sp + 0 slots: 0x00007f0858878b4b: <offset 0x0000000000c72b4b> in /usr/lib/jvm/java-17-openjdk/lib/server/libjvm.so at 0x00007f0857c06000
stack at sp + 1 slots: 0x00007f0818e98418 points into unknown readable memory: 0x00007f0858eb0fa8 | a8 0f eb 58 08 7f 00 00
stack at sp + 2 slots: 0x00007f0832eb0c30 is pointing into the stack for thread: 0x00007f085024b0d0
stack at sp + 3 slots: 0x0 is NULL
stack at sp + 4 slots: 0x0000000000000001 is an unknown value
stack at sp + 5 slots: 0x00007f0818e99528 points into unknown readable memory: 0x00007f0858e90998 | 98 09 e9 58 08 7f 00 00
stack at sp + 6 slots: 0x0000000000000020 is an unknown value
stack at sp + 7 slots: 0x00007f0832eb0960 is pointing into the stack for thread: 0x00007f085024b0d0


---------------  P R O C E S S  ---------------

Threads class SMR info:
_java_thread_list=0x00007f0754002a60, length=38, elements={
0x00007f0850012530, 0x00007f085021db00, 0x00007f085021f0e0, 0x00007f0850253ce0,
0x00007f0850255060, 0x00007f0850249800, 0x00007f085024b0d0, 0x00007f085024c580,
0x00007f085024d9c0, 0x00007f0850302710, 0x00007f08503625c0, 0x00007f08505b1880,
0x00007f08505db340, 0x00007f0850609950, 0x00007f07f0033460, 0x00007f07f0267110,
0x00007f07f02edba0, 0x00007f07c80010b0, 0x00007f07f0235f10, 0x00007f08506685e0,
0x00007f08506e8230, 0x00007f07b808d080, 0x00007f0788000fd0, 0x00007f079c189440,
0x00007f079c1af570, 0x00007f079c1b0e30, 0x00007f07840022c0, 0x00007f079c0f4590,
0x00007f0778010bd0, 0x00007f0774002a80, 0x00007f079c094ee0, 0x00007f0770004c80,
0x00007f078c0882e0, 0x00007f078c086d80, 0x00007f078c02b1c0, 0x00007f07d007fa60,
0x00007f0758103e70, 0x00007f0758183dd0
}

Java Threads: ( => current thread )
  0x00007f0850012530 JavaThread "main" [_thread_blocked, id=11381, stack(0x00007f0857790000,0x00007f0857891000)]
  0x00007f085021db00 JavaThread "Reference Handler" daemon [_thread_blocked, id=11384, stack(0x00007f08335f5000,0x00007f08336f6000)]
  0x00007f085021f0e0 JavaThread "Finalizer" daemon [_thread_blocked, id=11385, stack(0x00007f08334f4000,0x00007f08335f5000)]
  0x00007f0850253ce0 JavaThread "Signal Dispatcher" daemon [_thread_blocked, id=11386, stack(0x00007f08330b6000,0x00007f08331b7000)]
  0x00007f0850255060 JavaThread "Service Thread" daemon [_thread_blocked, id=11387, stack(0x00007f0832fb5000,0x00007f08330b6000)]
  0x00007f0850249800 JavaThread "Monitor Deflation Thread" daemon [_thread_blocked, id=11388, stack(0x00007f0832eb4000,0x00007f0832fb5000)]
=>0x00007f085024b0d0 JavaThread "C2 CompilerThread0" daemon [_thread_in_native, id=11389, stack(0x00007f0832db3000,0x00007f0832eb4000)]
  0x00007f085024c580 JavaThread "C1 CompilerThread0" daemon [_thread_blocked, id=11390, stack(0x00007f0832cb2000,0x00007f0832db3000)]
  0x00007f085024d9c0 JavaThread "Sweeper thread" daemon [_thread_blocked, id=11391, stack(0x00007f0832bb1000,0x00007f0832cb2000)]
  0x00007f0850302710 JavaThread "Common-Cleaner" daemon [_thread_blocked, id=11394, stack(0x00007f0832ab0000,0x00007f0832bb1000)]
  0x00007f08503625c0 JavaThread "Notification Thread" daemon [_thread_blocked, id=11395, stack(0x00007f08329af000,0x00007f0832ab0000)]
  0x00007f08505b1880 JavaThread "Active Thread: Equinox Container: 8b9d3731-30bb-4cd6-a997-bcdaaa99014b" [_thread_blocked, id=11412, stack(0x00007f08326ab000,0x00007f08327ac000)]
  0x00007f08505db340 JavaThread "Framework Event Dispatcher: Equinox Container: 8b9d3731-30bb-4cd6-a997-bcdaaa99014b" daemon [_thread_blocked, id=11414, stack(0x00007f08325aa000,0x00007f08326ab000)]
  0x00007f0850609950 JavaThread "Start Level: Equinox Container: 8b9d3731-30bb-4cd6-a997-bcdaaa99014b" daemon [_thread_blocked, id=11415, stack(0x00007f08324a9000,0x00007f08325aa000)]
  0x00007f07f0033460 JavaThread "SCR Component Actor" daemon [_thread_blocked, id=11422, stack(0x00007f08312e2000,0x00007f08313e3000)]
  0x00007f07f0267110 JavaThread "Worker-JM" [_thread_blocked, id=11431, stack(0x00007f08310e0000,0x00007f08311e1000)]
  0x00007f07f02edba0 JavaThread "Worker-0" [_thread_blocked, id=11433, stack(0x00007f08306ff000,0x00007f0830800000)]
  0x00007f07c80010b0 JavaThread "Worker-1" [_thread_blocked, id=11437, stack(0x00007f08302f8000,0x00007f08303f9000)]
  0x00007f07f0235f10 JavaThread "Java indexing" daemon [_thread_blocked, id=11438, stack(0x00007f08301f7000,0x00007f08302f8000)]
  0x00007f08506685e0 JavaThread "pool-3-thread-1" [_thread_blocked, id=11440, stack(0x00007f07b36ff000,0x00007f07b3800000)]
  0x00007f08506e8230 JavaThread "pool-2-thread-1" [_thread_in_native, id=11441, stack(0x00007f07b35fe000,0x00007f07b36ff000)]
  0x00007f07b808d080 JavaThread "Worker-4" [_thread_blocked, id=11449, stack(0x00007f07b29fe000,0x00007f07b2aff000)]
  0x00007f0788000fd0 JavaThread "Worker-5" [_thread_blocked, id=11454, stack(0x00007f07b1eff000,0x00007f07b2000000)]
  0x00007f079c189440 JavaThread "ForkJoinPool.commonPool-worker-1" daemon [_thread_blocked, id=11456, stack(0x00007f07b28fd000,0x00007f07b29fe000)]
  0x00007f079c1af570 JavaThread "ForkJoinPool.commonPool-worker-2" daemon [_thread_blocked, id=11457, stack(0x00007f07b1dfe000,0x00007f07b1eff000)]
  0x00007f079c1b0e30 JavaThread "ForkJoinPool.commonPool-worker-3" daemon [_thread_blocked, id=11458, stack(0x00007f07b1cfd000,0x00007f07b1dfe000)]
  0x00007f07840022c0 JavaThread "ForkJoinPool.commonPool-worker-4" daemon [_thread_blocked, id=11459, stack(0x00007f07b1bfc000,0x00007f07b1cfd000)]
  0x00007f079c0f4590 JavaThread "ForkJoinPool.commonPool-worker-5" daemon [_thread_blocked, id=11461, stack(0x00007f07b1afb000,0x00007f07b1bfc000)]
  0x00007f0778010bd0 JavaThread "ForkJoinPool.commonPool-worker-6" daemon [_thread_blocked, id=11464, stack(0x00007f07b19fa000,0x00007f07b1afb000)]
  0x00007f0774002a80 JavaThread "Bundle File Closer" daemon [_thread_blocked, id=11478, stack(0x00007f08300f6000,0x00007f08301f7000)]
  0x00007f079c094ee0 JavaThread "ForkJoinPool.commonPool-worker-7" daemon [_thread_blocked, id=11485, stack(0x00007f08327ac000,0x00007f08328ad000)]
  0x00007f0770004c80 JavaThread "ForkJoinPool.commonPool-worker-8" daemon [_thread_blocked, id=11486, stack(0x00007f08311e1000,0x00007f08312e2000)]
  0x00007f078c0882e0 JavaThread "ForkJoinPool.commonPool-worker-9" daemon [_thread_blocked, id=11498, stack(0x00007f07b18f9000,0x00007f07b19fa000)]
  0x00007f078c086d80 JavaThread "ForkJoinPool.commonPool-worker-10" daemon [_thread_blocked, id=11509, stack(0x00007f07b0eff000,0x00007f07b1000000)]
  0x00007f078c02b1c0 JavaThread "ForkJoinPool.commonPool-worker-11" daemon [_thread_blocked, id=11548, stack(0x00007f07b2aff000,0x00007f07b2c00000)]
  0x00007f07d007fa60 JavaThread "Java Debug Server" daemon [_thread_in_native, id=11706, stack(0x00007f07b02ff000,0x00007f07b0400000)]
  0x00007f0758103e70 JavaThread "RxSchedulerPurge-1" daemon [_thread_blocked, id=11708, stack(0x00007f07b0cfd000,0x00007f07b0dfe000)]
  0x00007f0758183dd0 JavaThread "RxCachedWorkerPoolEvictor-1" daemon [_thread_blocked, id=11709, stack(0x00007f07b34fd000,0x00007f07b35fe000)]

Other Threads:
  0x00007f085020e6f0 VMThread "VM Thread" [stack: 0x00007f08336f8000,0x00007f08337f8000] [id=11383]
  0x00007f0850363e70 WatcherThread [stack: 0x00007f08328af000,0x00007f08329af000] [id=11396]
  0x00007f085002a480 GCTaskThread "GC Thread#0" [stack: 0x00007f0857287000,0x00007f0857387000] [id=11382]
  0x00007f082c001250 GCTaskThread "GC Thread#1" [stack: 0x00007f0831b00000,0x00007f0831c00000] [id=11416]
  0x00007f082c001c50 GCTaskThread "GC Thread#2" [stack: 0x00007f08319fe000,0x00007f0831afe000] [id=11417]
  0x00007f082c002650 GCTaskThread "GC Thread#3" [stack: 0x00007f08318fc000,0x00007f08319fc000] [id=11418]
  0x00007f082c004310 GCTaskThread "GC Thread#4" [stack: 0x00007f08317fa000,0x00007f08318fa000] [id=11419]
  0x00007f082c004d10 GCTaskThread "GC Thread#5" [stack: 0x00007f08316f8000,0x00007f08317f8000] [id=11420]
  0x00007f082c005b00 GCTaskThread "GC Thread#6" [stack: 0x00007f08315f6000,0x00007f08316f6000] [id=11421]
  0x00007f082c006b10 GCTaskThread "GC Thread#7" [stack: 0x00007f08305ff000,0x00007f08306ff000] [id=11434]
  0x00007f082c007450 GCTaskThread "GC Thread#8" [stack: 0x00007f08304fd000,0x00007f08305fd000] [id=11435]
  0x00007f082c007d90 GCTaskThread "GC Thread#9" [stack: 0x00007f08303fb000,0x00007f08304fb000] [id=11436]

Threads with active compile tasks:
C2 CompilerThread0   186391 11969  s!   4       org.eclipse.jdt.core.dom.DefaultBindingResolver::resolveName (1727 bytes)

VM state: not at safepoint (normal execution)

VM Mutex/Monitor currently owned by a thread: None

Heap address: 0x00000000c0000000, size: 1024 MB, Compressed Oops mode: 32-bit

CDS archive(s) not mapped
Compressed class space mapped at: 0x0000000100000000-0x0000000140000000, reserved size: 1073741824
Narrow klass base: 0x0000000000000000, Narrow klass shift: 3, Narrow klass range: 0x140000000

GC Precious Log:
 CPUs: 12 total, 12 available
 Memory: 16008M
 Large Page Support: Disabled
 NUMA Support: Disabled
 Compressed Oops: Enabled (32-bit)
 Alignments: Space 512K, Generation 512K, Heap 2M
 Heap Min Capacity: 100M
 Heap Initial Capacity: 100M
 Heap Max Capacity: 1G
 Pre-touch: Disabled
 Parallel Workers: 10

Heap:
 PSYoungGen      total 74752K, used 57242K [0x00000000eab00000, 0x00000000f1c00000, 0x0000000100000000)
  eden space 73728K, 76% used [0x00000000eab00000,0x00000000ee1e8498,0x00000000ef300000)
  from space 1024K, 99% used [0x00000000f1000000,0x00000000f10fe598,0x00000000f1100000)
  to   space 20992K, 0% used [0x00000000ef300000,0x00000000ef300000,0x00000000f0780000)
 ParOldGen       total 272896K, used 203548K [0x00000000c0000000, 0x00000000d0a80000, 0x00000000eab00000)
  object space 272896K, 74% used [0x00000000c0000000,0x00000000cc6c7380,0x00000000d0a80000)
 Metaspace       used 79087K, committed 80128K, reserved 1122304K
  class space    used 8193K, committed 8640K, reserved 1048576K

Card table byte_map: [0x00007f0857387000,0x00007f0857588000] _byte_map_base: 0x00007f0856d87000

Marking Bits: (ParMarkBitMap*) 0x00007f0858f1d420
 Begin Bits: [0x00007f085512f000, 0x00007f085612f000)
 End Bits:   [0x00007f085612f000, 0x00007f085712f000)

Polling page: 0x00007f0859173000

Metaspace:

Usage:
  Non-class:     69,23 MB used.
      Class:      8,00 MB used.
       Both:     77,23 MB used.

Virtual space:
  Non-class space:       72,00 MB reserved,      69,81 MB ( 97%) committed,  9 nodes.
      Class space:        1,00 GB reserved,       8,44 MB ( <1%) committed,  1 nodes.
             Both:        1,07 GB reserved,      78,25 MB (  7%) committed. 

Chunk freelists:
   Non-Class:  1,92 MB
       Class:  3,57 MB
        Both:  5,49 MB

MaxMetaspaceSize: unlimited
CompressedClassSpaceSize: 1,00 GB
Initial GC threshold: 21,00 MB
Current GC threshold: 105,31 MB
CDS: off
MetaspaceReclaimPolicy: balanced
 - commit_granule_bytes: 65536.
 - commit_granule_words: 8192.
 - virtual_space_node_default_size: 1048576.
 - enlarge_chunks_in_place: 1.
 - new_chunks_are_fully_committed: 0.
 - uncommit_free_chunks: 1.
 - use_allocation_guard: 0.
 - handle_deallocations: 1.


Internal statistics:

num_allocs_failed_limit: 9.
num_arena_births: 526.
num_arena_deaths: 0.
num_vsnodes_births: 10.
num_vsnodes_deaths: 0.
num_space_committed: 1252.
num_space_uncommitted: 0.
num_chunks_returned_to_freelist: 9.
num_chunks_taken_from_freelist: 3366.
num_chunk_merges: 9.
num_chunk_splits: 2188.
num_chunks_enlarged: 1371.
num_purges: 0.
num_inconsistent_stats: 0.

CodeHeap 'non-profiled nmethods': size=120028Kb used=7285Kb max_used=7285Kb free=112742Kb
 bounds [0x00007f08410bb000, 0x00007f08417db000, 0x00007f08485f2000]
CodeHeap 'profiled nmethods': size=120028Kb used=22492Kb max_used=22492Kb free=97535Kb
 bounds [0x00007f0839b84000, 0x00007f083b184000, 0x00007f08410bb000]
CodeHeap 'non-nmethods': size=5704Kb used=1392Kb max_used=1452Kb free=4311Kb
 bounds [0x00007f08395f2000, 0x00007f0839862000, 0x00007f0839b84000]
 total_blobs=10272 nmethods=9534 adapters=651
 compilation: enabled
              stopped_count=0, restarted_count=0
 full_count=0

Compilation events (20 events):
Event: 182,498 Thread 0x00007f085024c580 11962   !   3       org.eclipse.core.internal.resources.Resource::filterChildren (234 bytes)
Event: 182,500 Thread 0x00007f085024c580 nmethod 11962 0x00007f083b16e410 code [0x00007f083b16e840, 0x00007f083b171240]
Event: 182,500 Thread 0x00007f085024c580 11957       3       org.eclipse.jdt.internal.compiler.lookup.MethodVerifier::doesMethodOverride (10 bytes)
Event: 182,500 Thread 0x00007f085024c580 nmethod 11957 0x00007f083b172110 code [0x00007f083b172320, 0x00007f083b1728e0]
Event: 182,503 Thread 0x00007f085024b0d0 nmethod 11959 0x00007f08417d6b10 code [0x00007f08417d6d40, 0x00007f08417d79f0]
Event: 182,503 Thread 0x00007f085024b0d0 11961  s    4       org.eclipse.jdt.core.dom.DefaultBindingResolver::getTypeBinding (7 bytes)
Event: 182,504 Thread 0x00007f085024b0d0 nmethod 11961 0x00007f08417d8190 code [0x00007f08417d8320, 0x00007f08417d8588]
Event: 185,916 Thread 0x00007f085024c580 11963   !   3       org.eclipse.jdt.ls.core.internal.JDTUtils::toURI (75 bytes)
Event: 185,918 Thread 0x00007f085024c580 nmethod 11963 0x00007f083b172b10 code [0x00007f083b172e40, 0x00007f083b173dd0]
Event: 186,344 Thread 0x00007f085024c580 11964       3       org.eclipse.core.internal.resources.Filter::filterIncludes (168 bytes)
Event: 186,345 Thread 0x00007f085024c580 nmethod 11964 0x00007f083b174610 code [0x00007f083b1748c0, 0x00007f083b175b30]
Event: 186,345 Thread 0x00007f085024c580 11967       3       org.eclipse.lsp4j.jsonrpc.json.adapters.MessageTypeAdapter::write (299 bytes)
Event: 186,346 Thread 0x00007f085024c580 nmethod 11967 0x00007f083b176110 code [0x00007f083b1764e0, 0x00007f083b1782c0]
Event: 186,346 Thread 0x00007f085024c580 11966       3       org.eclipse.jdt.core.Signature::getSimpleName (204 bytes)
Event: 186,348 Thread 0x00007f085024c580 nmethod 11966 0x00007f083b178890 code [0x00007f083b178b80, 0x00007f083b179dd0]
Event: 186,348 Thread 0x00007f085024c580 11965   !   3       org.eclipse.jdt.ls.core.internal.hover.JavaElementLabelComposer::appendFieldLabel (300 bytes)
Event: 186,349 Thread 0x00007f085024c580 nmethod 11965 0x00007f083b17a490 code [0x00007f083b17a8e0, 0x00007f083b17c860]
Event: 186,362 Thread 0x00007f085024c580 11968       3       java.util.Optional::get (22 bytes)
Event: 186,362 Thread 0x00007f085024c580 nmethod 11968 0x00007f083b17d610 code [0x00007f083b17d7c0, 0x00007f083b17d9e0]
Event: 186,362 Thread 0x00007f085024b0d0 11969  s!   4       org.eclipse.jdt.core.dom.DefaultBindingResolver::resolveName (1727 bytes)

GC Heap History (20 events):
Event: 5,352 GC heap before
{Heap before GC invocations=54 (full 7):
 PSYoungGen      total 120320K, used 120036K [0x00000000eab00000, 0x00000000f4380000, 0x0000000100000000)
  eden space 90112K, 100% used [0x00000000eab00000,0x00000000f0300000,0x00000000f0300000)
  from space 30208K, 99% used [0x00000000f2600000,0x00000000f43390d0,0x00000000f4380000)
  to   space 32256K, 0% used [0x00000000f0480000,0x00000000f0480000,0x00000000f2400000)
 ParOldGen       total 300032K, used 244060K [0x00000000c0000000, 0x00000000d2500000, 0x00000000eab00000)
  object space 300032K, 81% used [0x00000000c0000000,0x00000000cee57068,0x00000000d2500000)
 Metaspace       used 59881K, committed 60736K, reserved 1105920K
  class space    used 6278K, committed 6656K, reserved 1048576K
}
Event: 5,360 GC heap after
{Heap after GC invocations=54 (full 7):
 PSYoungGen      total 123904K, used 32242K [0x00000000eab00000, 0x00000000f5c00000, 0x0000000100000000)
  eden space 91648K, 0% used [0x00000000eab00000,0x00000000eab00000,0x00000000f0480000)
  from space 32256K, 99% used [0x00000000f0480000,0x00000000f23fcb80,0x00000000f2400000)
  to   space 41984K, 0% used [0x00000000f3300000,0x00000000f3300000,0x00000000f5c00000)
 ParOldGen       total 300032K, used 251824K [0x00000000c0000000, 0x00000000d2500000, 0x00000000eab00000)
  object space 300032K, 83% used [0x00000000c0000000,0x00000000cf5ec208,0x00000000d2500000)
 Metaspace       used 59881K, committed 60736K, reserved 1105920K
  class space    used 6278K, committed 6656K, reserved 1048576K
}
Event: 84,033 GC heap before
{Heap before GC invocations=55 (full 7):
 PSYoungGen      total 123904K, used 123890K [0x00000000eab00000, 0x00000000f5c00000, 0x0000000100000000)
  eden space 91648K, 100% used [0x00000000eab00000,0x00000000f0480000,0x00000000f0480000)
  from space 32256K, 99% used [0x00000000f0480000,0x00000000f23fcb80,0x00000000f2400000)
  to   space 41984K, 0% used [0x00000000f3300000,0x00000000f3300000,0x00000000f5c00000)
 ParOldGen       total 300032K, used 251824K [0x00000000c0000000, 0x00000000d2500000, 0x00000000eab00000)
  object space 300032K, 83% used [0x00000000c0000000,0x00000000cf5ec208,0x00000000d2500000)
 Metaspace       used 63787K, committed 64704K, reserved 1114112K
  class space    used 6646K, committed 7040K, reserved 1048576K
}
Event: 84,041 GC heap after
{Heap after GC invocations=55 (full 7):
 PSYoungGen      total 99840K, used 10538K [0x00000000eab00000, 0x00000000f3d80000, 0x0000000100000000)
  eden space 89088K, 0% used [0x00000000eab00000,0x00000000eab00000,0x00000000f0200000)
  from space 10752K, 98% used [0x00000000f3300000,0x00000000f3d4abe8,0x00000000f3d80000)
  to   space 21504K, 0% used [0x00000000f1380000,0x00000000f1380000,0x00000000f2880000)
 ParOldGen       total 300032K, used 278289K [0x00000000c0000000, 0x00000000d2500000, 0x00000000eab00000)
  object space 300032K, 92% used [0x00000000c0000000,0x00000000d0fc4618,0x00000000d2500000)
 Metaspace       used 63787K, committed 64704K, reserved 1114112K
  class space    used 6646K, committed 7040K, reserved 1048576K
}
Event: 84,041 GC heap before
{Heap before GC invocations=56 (full 8):
 PSYoungGen      total 99840K, used 10538K [0x00000000eab00000, 0x00000000f3d80000, 0x0000000100000000)
  eden space 89088K, 0% used [0x00000000eab00000,0x00000000eab00000,0x00000000f0200000)
  from space 10752K, 98% used [0x00000000f3300000,0x00000000f3d4abe8,0x00000000f3d80000)
  to   space 21504K, 0% used [0x00000000f1380000,0x00000000f1380000,0x00000000f2880000)
 ParOldGen       total 300032K, used 278289K [0x00000000c0000000, 0x00000000d2500000, 0x00000000eab00000)
  object space 300032K, 92% used [0x00000000c0000000,0x00000000d0fc4618,0x00000000d2500000)
 Metaspace       used 63787K, committed 64704K, reserved 1114112K
  class space    used 6646K, committed 7040K, reserved 1048576K
}
Event: 84,091 GC heap after
{Heap after GC invocations=56 (full 8):
 PSYoungGen      total 87552K, used 0K [0x00000000eab00000, 0x00000000f3380000, 0x0000000100000000)
  eden space 87040K, 0% used [0x00000000eab00000,0x00000000eab00000,0x00000000f0000000)
  from space 512K, 0% used [0x00000000f1380000,0x00000000f1380000,0x00000000f1400000)
  to   space 21504K, 0% used [0x00000000f1e80000,0x00000000f1e80000,0x00000000f3380000)
 ParOldGen       total 272896K, used 172132K [0x00000000c0000000, 0x00000000d0a80000, 0x00000000eab00000)
  object space 272896K, 63% used [0x00000000c0000000,0x00000000ca819048,0x00000000d0a80000)
 Metaspace       used 63787K, committed 64704K, reserved 1114112K
  class space    used 6646K, committed 7040K, reserved 1048576K
}
Event: 109,263 GC heap before
{Heap before GC invocations=57 (full 8):
 PSYoungGen      total 87552K, used 87040K [0x00000000eab00000, 0x00000000f3380000, 0x0000000100000000)
  eden space 87040K, 100% used [0x00000000eab00000,0x00000000f0000000,0x00000000f0000000)
  from space 512K, 0% used [0x00000000f1380000,0x00000000f1380000,0x00000000f1400000)
  to   space 21504K, 0% used [0x00000000f1e80000,0x00000000f1e80000,0x00000000f3380000)
 ParOldGen       total 272896K, used 172132K [0x00000000c0000000, 0x00000000d0a80000, 0x00000000eab00000)
  object space 272896K, 63% used [0x00000000c0000000,0x00000000ca819048,0x00000000d0a80000)
 Metaspace       used 64666K, committed 65600K, reserved 1114112K
  class space    used 6690K, committed 7104K, reserved 1048576K
}
Event: 109,268 GC heap after
{Heap after GC invocations=57 (full 8):
 PSYoungGen      total 90624K, used 5488K [0x00000000eab00000, 0x00000000f2400000, 0x0000000100000000)
  eden space 84992K, 0% used [0x00000000eab00000,0x00000000eab00000,0x00000000efe00000)
  from space 5632K, 97% used [0x00000000f1e80000,0x00000000f23dc010,0x00000000f2400000)
  to   space 9216K, 0% used [0x00000000f1200000,0x00000000f1200000,0x00000000f1b00000)
 ParOldGen       total 272896K, used 172140K [0x00000000c0000000, 0x00000000d0a80000, 0x00000000eab00000)
  object space 272896K, 63% used [0x00000000c0000000,0x00000000ca81b048,0x00000000d0a80000)
 Metaspace       used 64666K, committed 65600K, reserved 1114112K
  class space    used 6690K, committed 7104K, reserved 1048576K
}
Event: 122,814 GC heap before
{Heap before GC invocations=58 (full 8):
 PSYoungGen      total 90624K, used 90480K [0x00000000eab00000, 0x00000000f2400000, 0x0000000100000000)
  eden space 84992K, 100% used [0x00000000eab00000,0x00000000efe00000,0x00000000efe00000)
  from space 5632K, 97% used [0x00000000f1e80000,0x00000000f23dc010,0x00000000f2400000)
  to   space 9216K, 0% used [0x00000000f1200000,0x00000000f1200000,0x00000000f1b00000)
 ParOldGen       total 272896K, used 172140K [0x00000000c0000000, 0x00000000d0a80000, 0x00000000eab00000)
  object space 272896K, 63% used [0x00000000c0000000,0x00000000ca81b048,0x00000000d0a80000)
 Metaspace       used 66390K, committed 67328K, reserved 1114112K
  class space    used 6816K, committed 7232K, reserved 1048576K
}
Event: 122,820 GC heap after
{Heap after GC invocations=58 (full 8):
 PSYoungGen      total 92160K, used 9184K [0x00000000eab00000, 0x00000000f1f00000, 0x0000000100000000)
  eden space 82944K, 0% used [0x00000000eab00000,0x00000000eab00000,0x00000000efc00000)
  from space 9216K, 99% used [0x00000000f1200000,0x00000000f1af8020,0x00000000f1b00000)
  to   space 4096K, 0% used [0x00000000f1b00000,0x00000000f1b00000,0x00000000f1f00000)
 ParOldGen       total 272896K, used 173098K [0x00000000c0000000, 0x00000000d0a80000, 0x00000000eab00000)
  object space 272896K, 63% used [0x00000000c0000000,0x00000000ca90aaa8,0x00000000d0a80000)
 Metaspace       used 66390K, committed 67328K, reserved 1114112K
  class space    used 6816K, committed 7232K, reserved 1048576K
}
Event: 127,313 GC heap before
{Heap before GC invocations=59 (full 8):
 PSYoungGen      total 92160K, used 92128K [0x00000000eab00000, 0x00000000f1f00000, 0x0000000100000000)
  eden space 82944K, 100% used [0x00000000eab00000,0x00000000efc00000,0x00000000efc00000)
  from space 9216K, 99% used [0x00000000f1200000,0x00000000f1af8020,0x00000000f1b00000)
  to   space 4096K, 0% used [0x00000000f1b00000,0x00000000f1b00000,0x00000000f1f00000)
 ParOldGen       total 272896K, used 173098K [0x00000000c0000000, 0x00000000d0a80000, 0x00000000eab00000)
  object space 272896K, 63% used [0x00000000c0000000,0x00000000ca90aaa8,0x00000000d0a80000)
 Metaspace       used 66972K, committed 67968K, reserved 1114112K
  class space    used 6818K, committed 7232K, reserved 1048576K
}
Event: 127,318 GC heap after
{Heap after GC invocations=59 (full 8):
 PSYoungGen      total 84992K, used 4080K [0x00000000eab00000, 0x00000000f1f00000, 0x0000000100000000)
  eden space 80896K, 0% used [0x00000000eab00000,0x00000000eab00000,0x00000000efa00000)
  from space 4096K, 99% used [0x00000000f1b00000,0x00000000f1efc010,0x00000000f1f00000)
  to   space 13312K, 0% used [0x00000000f0500000,0x00000000f0500000,0x00000000f1200000)
 ParOldGen       total 272896K, used 181348K [0x00000000c0000000, 0x00000000d0a80000, 0x00000000eab00000)
  object space 272896K, 66% used [0x00000000c0000000,0x00000000cb119358,0x00000000d0a80000)
 Metaspace       used 66972K, committed 67968K, reserved 1114112K
  class space    used 6818K, committed 7232K, reserved 1048576K
}
Event: 134,998 GC heap before
{Heap before GC invocations=60 (full 8):
 PSYoungGen      total 84992K, used 84976K [0x00000000eab00000, 0x00000000f1f00000, 0x0000000100000000)
  eden space 80896K, 100% used [0x00000000eab00000,0x00000000efa00000,0x00000000efa00000)
  from space 4096K, 99% used [0x00000000f1b00000,0x00000000f1efc010,0x00000000f1f00000)
  to   space 13312K, 0% used [0x00000000f0500000,0x00000000f0500000,0x00000000f1200000)
 ParOldGen       total 272896K, used 181348K [0x00000000c0000000, 0x00000000d0a80000, 0x00000000eab00000)
  object space 272896K, 66% used [0x00000000c0000000,0x00000000cb119358,0x00000000d0a80000)
 Metaspace       used 74393K, committed 75392K, reserved 1122304K
  class space    used 7703K, committed 8128K, reserved 1048576K
}
Event: 135,007 GC heap after
{Heap after GC invocations=60 (full 8):
 PSYoungGen      total 89600K, used 10526K [0x00000000eab00000, 0x00000000f1b80000, 0x0000000100000000)
  eden space 78848K, 0% used [0x00000000eab00000,0x00000000eab00000,0x00000000ef800000)
  from space 10752K, 97% used [0x00000000f0500000,0x00000000f0f47a98,0x00000000f0f80000)
  to   space 11264K, 0% used [0x00000000f1080000,0x00000000f1080000,0x00000000f1b80000)
 ParOldGen       total 272896K, used 185488K [0x00000000c0000000, 0x00000000d0a80000, 0x00000000eab00000)
  object space 272896K, 67% used [0x00000000c0000000,0x00000000cb5240c8,0x00000000d0a80000)
 Metaspace       used 74393K, committed 75392K, reserved 1122304K
  class space    used 7703K, committed 8128K, reserved 1048576K
}
Event: 152,466 GC heap before
{Heap before GC invocations=61 (full 8):
 PSYoungGen      total 89600K, used 89374K [0x00000000eab00000, 0x00000000f1b80000, 0x0000000100000000)
  eden space 78848K, 100% used [0x00000000eab00000,0x00000000ef800000,0x00000000ef800000)
  from space 10752K, 97% used [0x00000000f0500000,0x00000000f0f47a98,0x00000000f0f80000)
  to   space 11264K, 0% used [0x00000000f1080000,0x00000000f1080000,0x00000000f1b80000)
 ParOldGen       total 272896K, used 185488K [0x00000000c0000000, 0x00000000d0a80000, 0x00000000eab00000)
  object space 272896K, 67% used [0x00000000c0000000,0x00000000cb5240c8,0x00000000d0a80000)
 Metaspace       used 77676K, committed 78784K, reserved 1122304K
  class space    used 8095K, committed 8576K, reserved 1048576K
}
Event: 152,470 GC heap after
{Heap after GC invocations=61 (full 8):
 PSYoungGen      total 86016K, used 9026K [0x00000000eab00000, 0x00000000f1980000, 0x0000000100000000)
  eden space 76800K, 0% used [0x00000000eab00000,0x00000000eab00000,0x00000000ef600000)
  from space 9216K, 97% used [0x00000000f1080000,0x00000000f1950910,0x00000000f1980000)
  to   space 9728K, 0% used [0x00000000f0680000,0x00000000f0680000,0x00000000f1000000)
 ParOldGen       total 272896K, used 185496K [0x00000000c0000000, 0x00000000d0a80000, 0x00000000eab00000)
  object space 272896K, 67% used [0x00000000c0000000,0x00000000cb5260c8,0x00000000d0a80000)
 Metaspace       used 77676K, committed 78784K, reserved 1122304K
  class space    used 8095K, committed 8576K, reserved 1048576K
}
Event: 161,099 GC heap before
{Heap before GC invocations=62 (full 8):
 PSYoungGen      total 86016K, used 85759K [0x00000000eab00000, 0x00000000f1980000, 0x0000000100000000)
  eden space 76800K, 99% used [0x00000000eab00000,0x00000000ef5ef510,0x00000000ef600000)
  from space 9216K, 97% used [0x00000000f1080000,0x00000000f1950910,0x00000000f1980000)
  to   space 9728K, 0% used [0x00000000f0680000,0x00000000f0680000,0x00000000f1000000)
 ParOldGen       total 272896K, used 185496K [0x00000000c0000000, 0x00000000d0a80000, 0x00000000eab00000)
  object space 272896K, 67% used [0x00000000c0000000,0x00000000cb5260c8,0x00000000d0a80000)
 Metaspace       used 78124K, committed 79104K, reserved 1122304K
  class space    used 8107K, committed 8576K, reserved 1048576K
}
Event: 161,104 GC heap after
{Heap after GC invocations=62 (full 8):
 PSYoungGen      total 84992K, used 9709K [0x00000000eab00000, 0x00000000f1100000, 0x0000000100000000)
  eden space 75264K, 0% used [0x00000000eab00000,0x00000000eab00000,0x00000000ef480000)
  from space 9728K, 99% used [0x00000000f0680000,0x00000000f0ffb478,0x00000000f1000000)
  to   space 1024K, 0% used [0x00000000f1000000,0x00000000f1000000,0x00000000f1100000)
 ParOldGen       total 272896K, used 185624K [0x00000000c0000000, 0x00000000d0a80000, 0x00000000eab00000)
  object space 272896K, 68% used [0x00000000c0000000,0x00000000cb5460c8,0x00000000d0a80000)
 Metaspace       used 78124K, committed 79104K, reserved 1122304K
  class space    used 8107K, committed 8576K, reserved 1048576K
}
Event: 167,048 GC heap before
{Heap before GC invocations=63 (full 8):
 PSYoungGen      total 84992K, used 84668K [0x00000000eab00000, 0x00000000f1100000, 0x0000000100000000)
  eden space 75264K, 99% used [0x00000000eab00000,0x00000000ef433ba0,0x00000000ef480000)
  from space 9728K, 99% used [0x00000000f0680000,0x00000000f0ffb478,0x00000000f1000000)
  to   space 1024K, 0% used [0x00000000f1000000,0x00000000f1000000,0x00000000f1100000)
 ParOldGen       total 272896K, used 185624K [0x00000000c0000000, 0x00000000d0a80000, 0x00000000eab00000)
  object space 272896K, 68% used [0x00000000c0000000,0x00000000cb5460c8,0x00000000d0a80000)
 Metaspace       used 78977K, committed 80000K, reserved 1122304K
  class space    used 8189K, committed 8640K, reserved 1048576K
}
Event: 167,057 GC heap after
{Heap after GC invocations=63 (full 8):
 PSYoungGen      total 74752K, used 1017K [0x00000000eab00000, 0x00000000f1c00000, 0x0000000100000000)
  eden space 73728K, 0% used [0x00000000eab00000,0x00000000eab00000,0x00000000ef300000)
  from space 1024K, 99% used [0x00000000f1000000,0x00000000f10fe598,0x00000000f1100000)
  to   space 20992K, 0% used [0x00000000ef300000,0x00000000ef300000,0x00000000f0780000)
 ParOldGen       total 272896K, used 203548K [0x00000000c0000000, 0x00000000d0a80000, 0x00000000eab00000)
  object space 272896K, 74% used [0x00000000c0000000,0x00000000cc6c7380,0x00000000d0a80000)
 Metaspace       used 78977K, committed 80000K, reserved 1122304K
  class space    used 8189K, committed 8640K, reserved 1048576K
}

Deoptimization events (20 events):
Event: 167,179 Thread 0x00007f07f02edba0 DEOPT PACKING pc=0x00007f084178b800 sp=0x00007f08307fd470
Event: 167,179 Thread 0x00007f07f02edba0 DEOPT UNPACKING pc=0x00007f0839643d99 sp=0x00007f08307fd438 mode 2
Event: 167,179 Thread 0x00007f07f02edba0 Uncommon trap: trap_request=0xffffffd6 fr.pc=0x00007f084178b800 relative=0x00000000000010e0
Event: 167,179 Thread 0x00007f07f02edba0 Uncommon trap: reason=array_check action=maybe_recompile pc=0x00007f084178b800 method=java.util.TimSort.mergeHi(IIII)V @ 101 c2
Event: 167,179 Thread 0x00007f07f02edba0 DEOPT PACKING pc=0x00007f084178b800 sp=0x00007f08307fd470
Event: 167,179 Thread 0x00007f07f02edba0 DEOPT UNPACKING pc=0x00007f0839643d99 sp=0x00007f08307fd438 mode 2
Event: 167,179 Thread 0x00007f07f02edba0 Uncommon trap: trap_request=0xffffffd6 fr.pc=0x00007f084178b800 relative=0x00000000000010e0
Event: 167,179 Thread 0x00007f07f02edba0 Uncommon trap: reason=array_check action=maybe_recompile pc=0x00007f084178b800 method=java.util.TimSort.mergeHi(IIII)V @ 101 c2
Event: 167,179 Thread 0x00007f07f02edba0 DEOPT PACKING pc=0x00007f084178b800 sp=0x00007f08307fd470
Event: 167,179 Thread 0x00007f07f02edba0 DEOPT UNPACKING pc=0x00007f0839643d99 sp=0x00007f08307fd438 mode 2
Event: 176,418 Thread 0x00007f07840022c0 DEOPT PACKING pc=0x00007f0839f5605c sp=0x00007f07b1cfabe0
Event: 176,418 Thread 0x00007f07840022c0 DEOPT UNPACKING pc=0x00007f083964452f sp=0x00007f07b1cfa088 mode 0
Event: 177,038 Thread 0x00007f077c12f4f0 Uncommon trap: trap_request=0xffffff45 fr.pc=0x00007f084176ee78 relative=0x0000000000000058
Event: 177,038 Thread 0x00007f077c12f4f0 Uncommon trap: reason=unstable_if action=reinterpret pc=0x00007f084176ee78 method=jdk.internal.util.Preconditions.checkFromIndexSize(IIILjava/util/function/BiFunction;)I @ 5 c2
Event: 177,038 Thread 0x00007f077c12f4f0 DEOPT PACKING pc=0x00007f084176ee78 sp=0x00007f07b01fc360
Event: 177,038 Thread 0x00007f077c12f4f0 DEOPT UNPACKING pc=0x00007f0839643d99 sp=0x00007f07b01fc330 mode 2
Event: 177,038 Thread 0x00007f077c12f4f0 Uncommon trap: trap_request=0xffffffc6 fr.pc=0x00007f0841168ee0 relative=0x0000000000000500
Event: 177,038 Thread 0x00007f077c12f4f0 Uncommon trap: reason=bimorphic_or_optimized_type_check action=maybe_recompile pc=0x00007f0841168ee0 method=java.util.HashMap.removeNode(ILjava/lang/Object;Ljava/lang/Object;ZZ)Ljava/util/HashMap$Node; @ 283 c2
Event: 177,038 Thread 0x00007f077c12f4f0 DEOPT PACKING pc=0x00007f0841168ee0 sp=0x00007f07b01fc7a0
Event: 177,038 Thread 0x00007f077c12f4f0 DEOPT UNPACKING pc=0x00007f0839643d99 sp=0x00007f07b01fc6c8 mode 2

Classes unloaded (0 events):
No events

Classes redefined (0 events):
No events

Internal exceptions (20 events):
Event: 135,311 Thread 0x00007f0788000fd0 Exception <a 'sun/nio/fs/UnixException'{0x00000000eb28a508}> (0x00000000eb28a508) 
thrown [src/hotspot/share/prims/jni.cpp, line 516]
Event: 135,311 Thread 0x00007f0788000fd0 Exception <a 'sun/nio/fs/UnixException'{0x00000000eb28b6c0}> (0x00000000eb28b6c0) 
thrown [src/hotspot/share/prims/jni.cpp, line 516]
Event: 136,112 Thread 0x00007f07c80010b0 Exception <a 'sun/nio/fs/UnixException'{0x00000000ecf03660}> (0x00000000ecf03660) 
thrown [src/hotspot/share/prims/jni.cpp, line 516]
Event: 136,113 Thread 0x00007f07c80010b0 Exception <a 'sun/nio/fs/UnixException'{0x00000000ecf072e0}> (0x00000000ecf072e0) 
thrown [src/hotspot/share/prims/jni.cpp, line 516]
Event: 136,113 Thread 0x00007f07c80010b0 Exception <a 'sun/nio/fs/UnixException'{0x00000000ecf07ea0}> (0x00000000ecf07ea0) 
thrown [src/hotspot/share/prims/jni.cpp, line 516]
Event: 136,113 Thread 0x00007f07c80010b0 Exception <a 'sun/nio/fs/UnixException'{0x00000000ecf11238}> (0x00000000ecf11238) 
thrown [src/hotspot/share/prims/jni.cpp, line 516]
Event: 136,113 Thread 0x00007f07c80010b0 Exception <a 'sun/nio/fs/UnixException'{0x00000000ecf14b20}> (0x00000000ecf14b20) 
thrown [src/hotspot/share/prims/jni.cpp, line 516]
Event: 136,113 Thread 0x00007f07c80010b0 Exception <a 'sun/nio/fs/UnixException'{0x00000000ecf156e0}> (0x00000000ecf156e0) 
thrown [src/hotspot/share/prims/jni.cpp, line 516]
Event: 136,126 Thread 0x00007f07c80010b0 Exception <a 'sun/nio/fs/UnixException'{0x00000000ed1d0d28}> (0x00000000ed1d0d28) 
thrown [src/hotspot/share/prims/jni.cpp, line 516]
Event: 136,126 Thread 0x00007f07c80010b0 Exception <a 'sun/nio/fs/UnixException'{0x00000000ed1d47d8}> (0x00000000ed1d47d8) 
thrown [src/hotspot/share/prims/jni.cpp, line 516]
Event: 136,126 Thread 0x00007f07c80010b0 Exception <a 'sun/nio/fs/UnixException'{0x00000000ed1f4800}> (0x00000000ed1f4800) 
thrown [src/hotspot/share/prims/jni.cpp, line 516]
Event: 136,129 Thread 0x00007f07c80010b0 Exception <a 'sun/nio/fs/UnixException'{0x00000000ed216ff8}> (0x00000000ed216ff8) 
thrown [src/hotspot/share/prims/jni.cpp, line 516]
Event: 142,395 Thread 0x00007f079c189440 Exception <a 'java/io/FileNotFoundException'{0x00000000ee7f1558}> (0x00000000ee7f1558) 
thrown [src/hotspot/share/prims/jni.cpp, line 516]
Event: 142,449 Thread 0x00007f076403d330 Exception <a 'java/io/FileNotFoundException'{0x00000000eea41f10}> (0x00000000eea41f10) 
thrown [src/hotspot/share/prims/jni.cpp, line 516]
Event: 142,497 Thread 0x00007f076403d330 Exception <a 'java/lang/NoSuchMethodError'{0x00000000eee73388}: 'java.lang.Object java.lang.invoke.DirectMethodHandle$Holder.invokeVirtual(java.lang.Object, java.lang.Object, java.lang.Object, java.lang.Object)'> (0x00000000eee73388) 
thrown [src/hotspot/share/interpreter/linkResolver.cpp, line 765]
Event: 142,510 Thread 0x00007f07581d6e20 Exception <a 'java/lang/NoSuchMethodError'{0x00000000eefb00a8}: 'java.lang.Object java.lang.invoke.DirectMethodHandle$Holder.invokeStatic(java.lang.Object, long, java.lang.Object, java.lang.Object)'> (0x00000000eefb00a8) 
thrown [src/hotspot/share/interpreter/linkResolver.cpp, line 765]
Event: 142,510 Thread 0x00007f07581d6e20 Exception <a 'java/lang/NoSuchMethodError'{0x00000000eefb6f88}: 'java.lang.Object java.lang.invoke.DirectMethodHandle$Holder.newInvokeSpecial(java.lang.Object, long)'> (0x00000000eefb6f88) 
thrown [src/hotspot/share/interpreter/linkResolver.cpp, line 765]
Event: 166,274 Thread 0x00007f078c086d80 Exception <a 'java/lang/ArrayIndexOutOfBoundsException'{0x00000000edab2d48}: Index 2161 out of bounds for length 2161> (0x00000000edab2d48) 
thrown [src/hotspot/share/interpreter/interpreterRuntime.cpp, line 428]
Event: 166,726 Thread 0x00007f079c1af570 Exception <a 'java/lang/ArrayIndexOutOfBoundsException'{0x00000000edbe7198}> (0x00000000edbe7198) 
thrown [src/hotspot/share/runtime/sharedRuntime.cpp, line 628]
Event: 166,726 Thread 0x00007f079c1af570 Exception <a 'java/lang/ArrayIndexOutOfBoundsException'{0x00000000edbe7708}> (0x00000000edbe7708) 
thrown [src/hotspot/share/runtime/sharedRuntime.cpp, line 628]

VM Operations (20 events):
Event: 167,004 Executing VM operation: HandshakeAllThreads
Event: 167,004 Executing VM operation: HandshakeAllThreads done
Event: 167,024 Executing VM operation: ICBufferFull
Event: 167,024 Executing VM operation: ICBufferFull done
Event: 167,026 Executing VM operation: HandshakeAllThreads
Event: 167,026 Executing VM operation: HandshakeAllThreads done
Event: 167,048 Executing VM operation: ParallelGCFailedAllocation
Event: 167,057 Executing VM operation: ParallelGCFailedAllocation done
Event: 168,057 Executing VM operation: Cleanup
Event: 168,057 Executing VM operation: Cleanup done
Event: 169,057 Executing VM operation: Cleanup
Event: 169,057 Executing VM operation: Cleanup done
Event: 174,058 Executing VM operation: Cleanup
Event: 174,058 Executing VM operation: Cleanup done
Event: 177,058 Executing VM operation: Cleanup
Event: 177,058 Executing VM operation: Cleanup done
Event: 181,058 Executing VM operation: Cleanup
Event: 181,058 Executing VM operation: Cleanup done
Event: 183,059 Executing VM operation: Cleanup
Event: 183,059 Executing VM operation: Cleanup done

Events (20 events):
Event: 167,032 Thread 0x00007f07b82f8c10 Thread exited: 0x00007f07b82f8c10
Event: 167,179 Thread 0x00007f080c3e3190 Thread exited: 0x00007f080c3e3190
Event: 167,188 Thread 0x00007f080c3d8080 Thread exited: 0x00007f080c3d8080
Event: 167,227 Thread 0x00007f080c3d7fd0 Thread added: 0x00007f080c3d7fd0
Event: 167,227 Protecting memory [0x00007f07b0dfe000,0x00007f07b0e02000] with protection modes 0
Event: 167,417 Thread 0x00007f080c3d7fd0 Thread exited: 0x00007f080c3d7fd0
Event: 174,497 Thread 0x00007f076403d330 Thread exited: 0x00007f076403d330
Event: 176,438 Thread 0x00007f080ce68ee0 Thread added: 0x00007f080ce68ee0
Event: 176,438 Protecting memory [0x00007f07b01fe000,0x00007f07b0202000] with protection modes 0
Event: 176,542 Thread 0x00007f07c809b050 Thread added: 0x00007f07c809b050
Event: 176,542 Protecting memory [0x00007f07b0dfe000,0x00007f07b0e02000] with protection modes 0
Event: 176,550 Thread 0x00007f07c809b050 Thread exited: 0x00007f07c809b050
Event: 176,998 Thread 0x00007f080ce68ee0 Thread exited: 0x00007f080ce68ee0
Event: 177,025 loading class sun/security/ssl/Alert
Event: 177,025 loading class sun/security/ssl/Alert done
Event: 177,026 loading class sun/security/ssl/Alert$AlertConsumer
Event: 177,026 loading class sun/security/ssl/Alert$AlertConsumer done
Event: 177,026 loading class sun/security/ssl/Alert$Level
Event: 177,026 loading class sun/security/ssl/Alert$Level done
Event: 177,038 Thread 0x00007f077c12f4f0 Thread exited: 0x00007f077c12f4f0


Dynamic libraries:
c0000000-d0a80000 rw-p 00000000 00:00 0 
d0a80000-eab00000 ---p 00000000 00:00 0 
eab00000-f1c00000 rw-p 00000000 00:00 0 
f1c00000-100000000 ---p 00000000 00:00 0 
100000000-100020000 rw-p 00000000 00:00 0 
100020000-100040000 rw-p 00000000 00:00 0 
100040000-100100000 rw-p 00000000 00:00 0 
100100000-100180000 rw-p 00000000 00:00 0 
100180000-1001c0000 rw-p 00000000 00:00 0 
1001c0000-100200000 rw-p 00000000 00:00 0 
100200000-1002c0000 rw-p 00000000 00:00 0 
1002c0000-100300000 rw-p 00000000 00:00 0 
100300000-100740000 rw-p 00000000 00:00 0 
100740000-1007c0000 rw-p 00000000 00:00 0 
1007c0000-100850000 rw-p 00000000 00:00 0 
100850000-100860000 ---p 00000000 00:00 0 
100860000-100880000 rw-p 00000000 00:00 0 
100880000-140000000 ---p 00000000 00:00 0 
555783ec5000-555783ec6000 r--p 00000000 103:01 5247539                   /usr/lib/jvm/java-17-openjdk/bin/java
555783ec6000-555783ec7000 r-xp 00001000 103:01 5247539                   /usr/lib/jvm/java-17-openjdk/bin/java
555783ec7000-555783ec8000 r--p 00002000 103:01 5247539                   /usr/lib/jvm/java-17-openjdk/bin/java
555783ec8000-555783ec9000 r--p 00002000 103:01 5247539                   /usr/lib/jvm/java-17-openjdk/bin/java
555783ec9000-555783eca000 rw-p 00003000 103:01 5247539                   /usr/lib/jvm/java-17-openjdk/bin/java
555784e81000-555784ea2000 rw-p 00000000 00:00 0                          [heap]
7f074c000000-7f074c835000 rw-p 00000000 00:00 0 
7f074c835000-7f0750000000 ---p 00000000 00:00 0 
7f0750000000-7f0750021000 rw-p 00000000 00:00 0 
7f0750021000-7f0754000000 ---p 00000000 00:00 0 
7f0754000000-7f0754021000 rw-p 00000000 00:00 0 
7f0754021000-7f0758000000 ---p 00000000 00:00 0 
7f0758000000-7f0758555000 rw-p 00000000 00:00 0 
7f0758555000-7f075c000000 ---p 00000000 00:00 0 
7f075f800000-7f075f900000 rw-p 00000000 00:00 0 
7f075f900000-7f075fd00000 rw-p 00000000 00:00 0 
7f075fd00000-7f075fdb0000 rw-p 00000000 00:00 0 
7f075fdb0000-7f075fe00000 ---p 00000000 00:00 0 
7f075fe00000-7f075fe20000 rw-p 00000000 00:00 0 
7f075fe20000-7f0760000000 ---p 00000000 00:00 0 
7f0760000000-7f0760557000 rw-p 00000000 00:00 0 
7f0760557000-7f0764000000 ---p 00000000 00:00 0 
7f0764000000-7f076406c000 rw-p 00000000 00:00 0 
7f076406c000-7f0768000000 ---p 00000000 00:00 0 
7f0768000000-7f0768ad2000 rw-p 00000000 00:00 0 
7f0768ad2000-7f076c000000 ---p 00000000 00:00 0 
7f076c000000-7f076dbb5000 rw-p 00000000 00:00 0 
7f076dbb5000-7f0770000000 ---p 00000000 00:00 0 
7f0770000000-7f0770026000 rw-p 00000000 00:00 0 
7f0770026000-7f0774000000 ---p 00000000 00:00 0 
7f0774000000-7f0774043000 rw-p 00000000 00:00 0 
7f0774043000-7f0778000000 ---p 00000000 00:00 0 
7f0778000000-7f077805d000 rw-p 00000000 00:00 0 
7f077805d000-7f077c000000 ---p 00000000 00:00 0 
7f077c000000-7f077c14a000 rw-p 00000000 00:00 0 
7f077c14a000-7f0780000000 ---p 00000000 00:00 0 
7f0780000000-7f0780021000 rw-p 00000000 00:00 0 
7f0780021000-7f0784000000 ---p 00000000 00:00 0 
7f0784000000-7f0784106000 rw-p 00000000 00:00 0 
7f0784106000-7f0788000000 ---p 00000000 00:00 0 
7f0788000000-7f0788021000 rw-p 00000000 00:00 0 
7f0788021000-7f078c000000 ---p 00000000 00:00 0 
7f078c000000-7f078c19c000 rw-p 00000000 00:00 0 
7f078c19c000-7f0790000000 ---p 00000000 00:00 0 
7f0790000000-7f079003c000 rw-p 00000000 00:00 0 
7f079003c000-7f0794000000 ---p 00000000 00:00 0 
7f07943f0000-7f07943f4000 ---p 00000000 00:00 0 
7f07943f4000-7f07944f1000 rw-p 00000000 00:00 0 
7f07944f1000-7f07944f5000 ---p 00000000 00:00 0 
7f07944f5000-7f07945f2000 rw-p 00000000 00:00 0 
7f07945f2000-7f079c000000 r--s 00000000 103:01 5247618                   /usr/lib/jvm/java-17-openjdk/lib/modules
7f079c000000-7f079c1c1000 rw-p 00000000 00:00 0 
7f079c1c1000-7f07a0000000 ---p 00000000 00:00 0 
7f07a0000000-7f07a3d40000 rw-p 00000000 00:00 0 
7f07a3d40000-7f07a4000000 ---p 00000000 00:00 0 
7f07a4000000-7f07a5875000 rw-p 00000000 00:00 0 
7f07a5875000-7f07a8000000 ---p 00000000 00:00 0 
7f07a8000000-7f07a8021000 rw-p 00000000 00:00 0 
7f07a8021000-7f07ac000000 ---p 00000000 00:00 0 
7f07ac000000-7f07ac1ad000 rw-p 00000000 00:00 0 
7f07ac1ad000-7f07b0000000 ---p 00000000 00:00 0 
7f07b00fd000-7f07b0101000 ---p 00000000 00:00 0 
7f07b0101000-7f07b01fe000 rw-p 00000000 00:00 0 
7f07b01fe000-7f07b0202000 ---p 00000000 00:00 0 
7f07b0202000-7f07b02ff000 rw-p 00000000 00:00 0 
7f07b02ff000-7f07b0303000 ---p 00000000 00:00 0 
7f07b0303000-7f07b0900000 rw-p 00000000 00:00 0 
7f07b0900000-7f07b0940000 rw-p 00000000 00:00 0 
7f07b0940000-7f07b0980000 rw-p 00000000 00:00 0 
7f07b0980000-7f07b0ac0000 rw-p 00000000 00:00 0 
7f07b0ac0000-7f07b0b00000 rw-p 00000000 00:00 0 
7f07b0b00000-7f07b0c00000 rw-p 00000000 00:00 0 
7f07b0cfd000-7f07b0d01000 ---p 00000000 00:00 0 
7f07b0d01000-7f07b0dfe000 rw-p 00000000 00:00 0 
7f07b0dfe000-7f07b0e02000 ---p 00000000 00:00 0 
7f07b0e02000-7f07b0eff000 rw-p 00000000 00:00 0 
7f07b0eff000-7f07b0f03000 ---p 00000000 00:00 0 
7f07b0f03000-7f07b1500000 rw-p 00000000 00:00 0 
7f07b1500000-7f07b1600000 rw-p 00000000 00:00 0 
7f07b1600000-7f07b1800000 rw-p 00000000 00:00 0 
7f07b18f9000-7f07b18fd000 ---p 00000000 00:00 0 
7f07b18fd000-7f07b19fa000 rw-p 00000000 00:00 0 
7f07b19fa000-7f07b19fe000 ---p 00000000 00:00 0 
7f07b19fe000-7f07b1afb000 rw-p 00000000 00:00 0 
7f07b1afb000-7f07b1aff000 ---p 00000000 00:00 0 
7f07b1aff000-7f07b1bfc000 rw-p 00000000 00:00 0 
7f07b1bfc000-7f07b1c00000 ---p 00000000 00:00 0 
7f07b1c00000-7f07b1cfd000 rw-p 00000000 00:00 0 
7f07b1cfd000-7f07b1d01000 ---p 00000000 00:00 0 
7f07b1d01000-7f07b1dfe000 rw-p 00000000 00:00 0 
7f07b1dfe000-7f07b1e02000 ---p 00000000 00:00 0 
7f07b1e02000-7f07b1eff000 rw-p 00000000 00:00 0 
7f07b1eff000-7f07b1f03000 ---p 00000000 00:00 0 
7f07b1f03000-7f07b2800000 rw-p 00000000 00:00 0 
7f07b28fd000-7f07b2901000 ---p 00000000 00:00 0 
7f07b2901000-7f07b29fe000 rw-p 00000000 00:00 0 
7f07b29fe000-7f07b2a02000 ---p 00000000 00:00 0 
7f07b2a02000-7f07b2aff000 rw-p 00000000 00:00 0 
7f07b2aff000-7f07b2b03000 ---p 00000000 00:00 0 
7f07b2b03000-7f07b2f00000 rw-p 00000000 00:00 0 
7f07b2f00000-7f07b3000000 rw-p 00000000 00:00 0 
7f07b3000000-7f07b3400000 rw-p 00000000 00:00 0 
7f07b34fd000-7f07b3501000 ---p 00000000 00:00 0 
7f07b3501000-7f07b35fe000 rw-p 00000000 00:00 0 
7f07b35fe000-7f07b3602000 ---p 00000000 00:00 0 
7f07b3602000-7f07b36ff000 rw-p 00000000 00:00 0 
7f07b36ff000-7f07b3703000 ---p 00000000 00:00 0 
7f07b3703000-7f07b3900000 rw-p 00000000 00:00 0 
7f07b3900000-7f07b3a00000 rw-p 00000000 00:00 0 
7f07b3a00000-7f07b3d00000 rw-p 00000000 00:00 0 
7f07b3d00000-7f07b3e00000 rw-p 00000000 00:00 0 
7f07b3e00000-7f07b4000000 rw-p 00000000 00:00 0 
7f07b4000000-7f07b4021000 rw-p 00000000 00:00 0 
7f07b4021000-7f07b8000000 ---p 00000000 00:00 0 
7f07b8000000-7f07b849b000 rw-p 00000000 00:00 0 
7f07b849b000-7f07bc000000 ---p 00000000 00:00 0 
7f07bc000000-7f07bc021000 rw-p 00000000 00:00 0 
7f07bc021000-7f07c0000000 ---p 00000000 00:00 0 
7f07c0000000-7f07c0021000 rw-p 00000000 00:00 0 
7f07c0021000-7f07c4000000 ---p 00000000 00:00 0 
7f07c4000000-7f07c4021000 rw-p 00000000 00:00 0 
7f07c4021000-7f07c8000000 ---p 00000000 00:00 0 
7f07c8000000-7f07c80dc000 rw-p 00000000 00:00 0 
7f07c80dc000-7f07cc000000 ---p 00000000 00:00 0 
7f07cc000000-7f07cc021000 rw-p 00000000 00:00 0 
7f07cc021000-7f07d0000000 ---p 00000000 00:00 0 
7f07d0000000-7f07d00dc000 rw-p 00000000 00:00 0 
7f07d00dc000-7f07d4000000 ---p 00000000 00:00 0 
7f07d4000000-7f07d4021000 rw-p 00000000 00:00 0 
7f07d4021000-7f07d8000000 ---p 00000000 00:00 0 
7f07d8000000-7f07d8021000 rw-p 00000000 00:00 0 
7f07d8021000-7f07dc000000 ---p 00000000 00:00 0 
7f07dc000000-7f07dc021000 rw-p 00000000 00:00 0 
7f07dc021000-7f07e0000000 ---p 00000000 00:00 0 
7f07e0000000-7f07e0021000 rw-p 00000000 00:00 0 
7f07e0021000-7f07e4000000 ---p 00000000 00:00 0 
7f07e4000000-7f07e4021000 rw-p 00000000 00:00 0 
7f07e4021000-7f07e8000000 ---p 00000000 00:00 0 
7f07e8000000-7f07e8021000 rw-p 00000000 00:00 0 
7f07e8021000-7f07ec000000 ---p 00000000 00:00 0 
7f07ec000000-7f07ec021000 rw-p 00000000 00:00 0 
7f07ec021000-7f07f0000000 ---p 00000000 00:00 0 
7f07f0000000-7f07f08e4000 rw-p 00000000 00:00 0 
7f07f08e4000-7f07f4000000 ---p 00000000 00:00 0 
7f07f4000000-7f07f4053000 rw-p 00000000 00:00 0 
7f07f4053000-7f07f8000000 ---p 00000000 00:00 0 
7f07f8000000-7f07f8021000 rw-p 00000000 00:00 0 
7f07f8021000-7f07fc000000 ---p 00000000 00:00 0 
7f07fc000000-7f07fc021000 rw-p 00000000 00:00 0 
7f07fc021000-7f0800000000 ---p 00000000 00:00 0 
7f0800000000-7f0801950000 rw-p 00000000 00:00 0 
7f0801950000-7f0804000000 ---p 00000000 00:00 0 
7f0804000000-7f0804021000 rw-p 00000000 00:00 0 
7f0804021000-7f0808000000 ---p 00000000 00:00 0 
7f0808000000-7f0808021000 rw-p 00000000 00:00 0 
7f0808021000-7f080c000000 ---p 00000000 00:00 0 
7f080c000000-7f080cec6000 rw-p 00000000 00:00 0 
7f080cec6000-7f0810000000 ---p 00000000 00:00 0 
7f0810000000-7f0810051000 rw-p 00000000 00:00 0 
7f0810051000-7f0814000000 ---p 00000000 00:00 0 
7f0814000000-7f0814021000 rw-p 00000000 00:00 0 
7f0814021000-7f0818000000 ---p 00000000 00:00 0 
7f0818000000-7f081ba3f000 rw-p 00000000 00:00 0 
7f081ba3f000-7f081c000000 ---p 00000000 00:00 0 
7f081c000000-7f081c021000 rw-p 00000000 00:00 0 
7f081c021000-7f0820000000 ---p 00000000 00:00 0 
7f0820000000-7f0820021000 rw-p 00000000 00:00 0 
7f0820021000-7f0824000000 ---p 00000000 00:00 0 
7f0824000000-7f0824021000 rw-p 00000000 00:00 0 
7f0824021000-7f0828000000 ---p 00000000 00:00 0 
7f0828000000-7f0828021000 rw-p 00000000 00:00 0 
7f0828021000-7f082c000000 ---p 00000000 00:00 0 
7f082c000000-7f082c021000 rw-p 00000000 00:00 0 
7f082c021000-7f0830000000 ---p 00000000 00:00 0 
7f08300f6000-7f08300fa000 ---p 00000000 00:00 0 
7f08300fa000-7f08301f7000 rw-p 00000000 00:00 0 
7f08301f7000-7f08301fb000 ---p 00000000 00:00 0 
7f08301fb000-7f08302f8000 rw-p 00000000 00:00 0 
7f08302f8000-7f08302fc000 ---p 00000000 00:00 0 
7f08302fc000-7f08303f9000 rw-p 00000000 00:00 0 
7f08303f9000-7f08303fa000 ---p 00000000 00:00 0 
7f08303fa000-7f08304fb000 rw-p 00000000 00:00 0 
7f08304fb000-7f08304fc000 ---p 00000000 00:00 0 
7f08304fc000-7f08305fd000 rw-p 00000000 00:00 0 
7f08305fd000-7f08305fe000 ---p 00000000 00:00 0 
7f08305fe000-7f08306ff000 rw-p 00000000 00:00 0 
7f08306ff000-7f0830703000 ---p 00000000 00:00 0 
7f0830703000-7f0830900000 rw-p 00000000 00:00 0 
7f0830900000-7f0830a00000 rw-p 00000000 00:00 0 
7f0830a00000-7f0831000000 rw-p 00000000 00:00 0 
7f08310e0000-7f08310e4000 ---p 00000000 00:00 0 
7f08310e4000-7f08311e1000 rw-p 00000000 00:00 0 
7f08311e1000-7f08311e5000 ---p 00000000 00:00 0 
7f08311e5000-7f08312e2000 rw-p 00000000 00:00 0 
7f08312e2000-7f08312e6000 ---p 00000000 00:00 0 
7f08312e6000-7f08313e3000 rw-p 00000000 00:00 0 
7f08313e3000-7f08313f3000 r-xp 00000000 103:01 14293923                  /home/fritz/.config/VSCodium/User/globalStorage/redhat.java/1.1.0/config_linux/org.eclipse.equinox.launcher/org.eclipse.equinox.launcher.gtk.linux.x86_64_1.2.400.v20211116-1129/eclipse_11600.so
7f08313f3000-7f08315f2000 ---p 00010000 103:01 14293923                  /home/fritz/.config/VSCodium/User/globalStorage/redhat.java/1.1.0/config_linux/org.eclipse.equinox.launcher/org.eclipse.equinox.launcher.gtk.linux.x86_64_1.2.400.v20211116-1129/eclipse_11600.so
7f08315f2000-7f08315f3000 r--p 0000f000 103:01 14293923                  /home/fritz/.config/VSCodium/User/globalStorage/redhat.java/1.1.0/config_linux/org.eclipse.equinox.launcher/org.eclipse.equinox.launcher.gtk.linux.x86_64_1.2.400.v20211116-1129/eclipse_11600.so
7f08315f3000-7f08315f4000 rw-p 00010000 103:01 14293923                  /home/fritz/.config/VSCodium/User/globalStorage/redhat.java/1.1.0/config_linux/org.eclipse.equinox.launcher/org.eclipse.equinox.launcher.gtk.linux.x86_64_1.2.400.v20211116-1129/eclipse_11600.so
7f08315f4000-7f08315f5000 ---p 00000000 00:00 0 
7f08315f5000-7f08316f6000 rw-p 00000000 00:00 0 
7f08316f6000-7f08316f7000 ---p 00000000 00:00 0 
7f08316f7000-7f08317f8000 rw-p 00000000 00:00 0 
7f08317f8000-7f08317f9000 ---p 00000000 00:00 0 
7f08317f9000-7f08318fa000 rw-p 00000000 00:00 0 
7f08318fa000-7f08318fb000 ---p 00000000 00:00 0 
7f08318fb000-7f08319fc000 rw-p 00000000 00:00 0 
7f08319fc000-7f08319fd000 ---p 00000000 00:00 0 
7f08319fd000-7f0831afe000 rw-p 00000000 00:00 0 
7f0831afe000-7f0831aff000 ---p 00000000 00:00 0 
7f0831aff000-7f0831c80000 rw-p 00000000 00:00 0 
7f0831c80000-7f0831d00000 rw-p 00000000 00:00 0 
7f0831d00000-7f0831f00000 rw-p 00000000 00:00 0 
7f0831f00000-7f0832000000 rw-p 00000000 00:00 0 
7f0832000000-7f0832300000 rw-p 00000000 00:00 0 
7f0832300000-7f0832400000 rw-p 00000000 00:00 0 
7f08324a9000-7f08324ad000 ---p 00000000 00:00 0 
7f08324ad000-7f08325aa000 rw-p 00000000 00:00 0 
7f08325aa000-7f08325ae000 ---p 00000000 00:00 0 
7f08325ae000-7f08326ab000 rw-p 00000000 00:00 0 
7f08326ab000-7f08326af000 ---p 00000000 00:00 0 
7f08326af000-7f08327ac000 rw-p 00000000 00:00 0 
7f08327ac000-7f08327b0000 ---p 00000000 00:00 0 
7f08327b0000-7f08328ad000 rw-p 00000000 00:00 0 
7f08328ad000-7f08328ae000 ---p 00000000 00:00 0 
7f08328ae000-7f08329af000 rw-p 00000000 00:00 0 
7f08329af000-7f08329b3000 ---p 00000000 00:00 0 
7f08329b3000-7f0832ab0000 rw-p 00000000 00:00 0 
7f0832ab0000-7f0832ab4000 ---p 00000000 00:00 0 
7f0832ab4000-7f0832bb1000 rw-p 00000000 00:00 0 
7f0832bb1000-7f0832bb5000 ---p 00000000 00:00 0 
7f0832bb5000-7f0832cb2000 rw-p 00000000 00:00 0 
7f0832cb2000-7f0832cb6000 ---p 00000000 00:00 0 
7f0832cb6000-7f0832db3000 rw-p 00000000 00:00 0 
7f0832db3000-7f0832db7000 ---p 00000000 00:00 0 
7f0832db7000-7f0832eb4000 rw-p 00000000 00:00 0 
7f0832eb4000-7f0832eb8000 ---p 00000000 00:00 0 
7f0832eb8000-7f0832fb5000 rw-p 00000000 00:00 0 
7f0832fb5000-7f0832fb9000 ---p 00000000 00:00 0 
7f0832fb9000-7f08330b6000 rw-p 00000000 00:00 0 
7f08330b6000-7f08330ba000 ---p 00000000 00:00 0 
7f08330ba000-7f08331b7000 rw-p 00000000 00:00 0 
7f08331b7000-7f08334f4000 r--p 00000000 103:01 5121703                   /usr/lib/locale/locale-archive
7f08334f4000-7f08334f8000 ---p 00000000 00:00 0 
7f08334f8000-7f08335f5000 rw-p 00000000 00:00 0 
7f08335f5000-7f08335f9000 ---p 00000000 00:00 0 
7f08335f9000-7f08336f6000 rw-p 00000000 00:00 0 
7f08336f6000-7f08336f7000 ---p 00000000 00:00 0 
7f08336f7000-7f0834000000 rw-p 00000000 00:00 0 
7f0834000000-7f0834021000 rw-p 00000000 00:00 0 
7f0834021000-7f0838000000 ---p 00000000 00:00 0 
7f08380ae000-7f08380b0000 r--p 00000000 103:01 5118104                   /usr/lib/libnss_dns-2.33.so
7f08380b0000-7f08380b4000 r-xp 00002000 103:01 5118104                   /usr/lib/libnss_dns-2.33.so
7f08380b4000-7f08380b5000 r--p 00006000 103:01 5118104                   /usr/lib/libnss_dns-2.33.so
7f08380b5000-7f08380b6000 r--p 00006000 103:01 5118104                   /usr/lib/libnss_dns-2.33.so
7f08380b6000-7f08380b7000 rw-p 00007000 103:01 5118104                   /usr/lib/libnss_dns-2.33.so
7f08380b7000-7f08380ba000 r--p 00000000 103:01 5128194                   /usr/lib/libnss_resolve.so.2
7f08380ba000-7f08380d2000 r-xp 00003000 103:01 5128194                   /usr/lib/libnss_resolve.so.2
7f08380d2000-7f08380db000 r--p 0001b000 103:01 5128194                   /usr/lib/libnss_resolve.so.2
7f08380db000-7f08380dc000 r--p 00023000 103:01 5128194                   /usr/lib/libnss_resolve.so.2
7f08380dc000-7f08380dd000 rw-p 00024000 103:01 5128194                   /usr/lib/libnss_resolve.so.2
7f08380dd000-7f08395f2000 rw-p 00000000 00:00 0 
7f08395f2000-7f0839862000 rwxp 00000000 00:00 0 
7f0839862000-7f0839b84000 ---p 00000000 00:00 0 
7f0839b84000-7f083b184000 rwxp 00000000 00:00 0 
7f083b184000-7f08410bb000 ---p 00000000 00:00 0 
7f08410bb000-7f08417db000 rwxp 00000000 00:00 0 
7f08417db000-7f08485f2000 ---p 00000000 00:00 0 
7f08485f2000-7f0850000000 r--s 00000000 103:01 5247618                   /usr/lib/jvm/java-17-openjdk/lib/modules
7f0850000000-7f08506ed000 rw-p 00000000 00:00 0 
7f08506ed000-7f0854000000 ---p 00000000 00:00 0 
7f0854008000-7f085400c000 r--p 00000000 103:01 5118154                   /usr/lib/libresolv-2.33.so
7f085400c000-7f085401a000 r-xp 00004000 103:01 5118154                   /usr/lib/libresolv-2.33.so
7f085401a000-7f085401d000 r--p 00012000 103:01 5118154                   /usr/lib/libresolv-2.33.so
7f085401d000-7f085401e000 ---p 00015000 103:01 5118154                   /usr/lib/libresolv-2.33.so
7f085401e000-7f085401f000 r--p 00015000 103:01 5118154                   /usr/lib/libresolv-2.33.so
7f085401f000-7f0854020000 rw-p 00016000 103:01 5118154                   /usr/lib/libresolv-2.33.so
7f0854020000-7f0854022000 rw-p 00000000 00:00 0 
7f0854022000-7f0854023000 r--p 00000000 103:01 5126158                   /usr/lib/libnss_mdns4_minimal.so.2
7f0854023000-7f0854025000 r-xp 00001000 103:01 5126158                   /usr/lib/libnss_mdns4_minimal.so.2
7f0854025000-7f0854026000 r--p 00003000 103:01 5126158                   /usr/lib/libnss_mdns4_minimal.so.2
7f0854026000-7f0854027000 r--p 00003000 103:01 5126158                   /usr/lib/libnss_mdns4_minimal.so.2
7f0854027000-7f0854028000 rw-p 00004000 103:01 5126158                   /usr/lib/libnss_mdns4_minimal.so.2
7f0854028000-7f085402b000 r--p 00000000 103:01 5125141                   /usr/lib/libcap.so.2.60
7f085402b000-7f0854030000 r-xp 00003000 103:01 5125141                   /usr/lib/libcap.so.2.60
7f0854030000-7f0854032000 r--p 00008000 103:01 5125141                   /usr/lib/libcap.so.2.60
7f0854032000-7f0854033000 r--p 00009000 103:01 5125141                   /usr/lib/libcap.so.2.60
7f0854033000-7f0854034000 rw-p 0000a000 103:01 5125141                   /usr/lib/libcap.so.2.60
7f0854034000-7f0854037000 r--p 00000000 103:01 5118156                   /usr/lib/librt-2.33.so
7f0854037000-7f085403b000 r-xp 00003000 103:01 5118156                   /usr/lib/librt-2.33.so
7f085403b000-7f085403d000 r--p 00007000 103:01 5118156                   /usr/lib/librt-2.33.so
7f085403d000-7f085403e000 r--p 00008000 103:01 5118156                   /usr/lib/librt-2.33.so
7f085403e000-7f085403f000 rw-p 00009000 103:01 5118156                   /usr/lib/librt-2.33.so
7f085403f000-7f0854046000 r--p 00000000 103:01 5127863                   /usr/lib/libnss_mymachines.so.2
7f0854046000-7f085407d000 r-xp 00007000 103:01 5127863                   /usr/lib/libnss_mymachines.so.2
7f085407d000-7f0854091000 r--p 0003e000 103:01 5127863                   /usr/lib/libnss_mymachines.so.2
7f0854091000-7f0854092000 ---p 00052000 103:01 5127863                   /usr/lib/libnss_mymachines.so.2
7f0854092000-7f0854095000 r--p 00052000 103:01 5127863                   /usr/lib/libnss_mymachines.so.2
7f0854095000-7f0854096000 rw-p 00055000 103:01 5127863                   /usr/lib/libnss_mymachines.so.2
7f0854096000-7f0854097000 rw-p 00000000 00:00 0 
7f08540bc000-7f08540bd000 r--p 00000000 103:01 5247566                   /usr/lib/jvm/java-17-openjdk/lib/libextnet.so
7f08540bd000-7f08540be000 r-xp 00001000 103:01 5247566                   /usr/lib/jvm/java-17-openjdk/lib/libextnet.so
7f08540be000-7f08540bf000 r--p 00002000 103:01 5247566                   /usr/lib/jvm/java-17-openjdk/lib/libextnet.so
7f08540bf000-7f08540c0000 r--p 00002000 103:01 5247566                   /usr/lib/jvm/java-17-openjdk/lib/libextnet.so
7f08540c0000-7f08540c1000 rw-p 00003000 103:01 5247566                   /usr/lib/jvm/java-17-openjdk/lib/libextnet.so
7f08540c1000-7f08540c5000 r--p 00000000 103:01 5247615                   /usr/lib/jvm/java-17-openjdk/lib/libverify.so
7f08540c5000-7f08540cc000 r-xp 00004000 103:01 5247615                   /usr/lib/jvm/java-17-openjdk/lib/libverify.so
7f08540cc000-7f08540ce000 r--p 0000b000 103:01 5247615                   /usr/lib/jvm/java-17-openjdk/lib/libverify.so
7f08540ce000-7f08540d0000 r--p 0000c000 103:01 5247615                   /usr/lib/jvm/java-17-openjdk/lib/libverify.so
7f08540d0000-7f08540d1000 rw-p 0000e000 103:01 5247615                   /usr/lib/jvm/java-17-openjdk/lib/libverify.so
7f08540d1000-7f08540d5000 ---p 00000000 00:00 0 
7f08540d5000-7f08540f3000 rw-p 00000000 00:00 0 
7f08540f3000-7f08540f5000 r--p 00000000 103:01 5247617                   /usr/lib/jvm/java-17-openjdk/lib/libzip.so
7f08540f5000-7f08540f9000 r-xp 00002000 103:01 5247617                   /usr/lib/jvm/java-17-openjdk/lib/libzip.so
7f08540f9000-7f08540fb000 r--p 00006000 103:01 5247617                   /usr/lib/jvm/java-17-openjdk/lib/libzip.so
7f08540fb000-7f08540fc000 r--p 00007000 103:01 5247617                   /usr/lib/jvm/java-17-openjdk/lib/libzip.so
7f08540fc000-7f08540fd000 rw-p 00008000 103:01 5247617                   /usr/lib/jvm/java-17-openjdk/lib/libzip.so
7f08540fd000-7f0854900000 rw-p 00000000 00:00 0 
7f0854900000-7f0854920000 rw-p 00000000 00:00 0 
7f0854920000-7f0854940000 rw-p 00000000 00:00 0 
7f0854940000-7f0854980000 rw-p 00000000 00:00 0 
7f0854980000-7f0854c00000 rw-p 00000000 00:00 0 
7f0854c00000-7f0854c04000 r--p 00000000 103:01 5247601                   /usr/lib/jvm/java-17-openjdk/lib/libnet.so
7f0854c04000-7f0854c12000 r-xp 00004000 103:01 5247601                   /usr/lib/jvm/java-17-openjdk/lib/libnet.so
7f0854c12000-7f0854c16000 r--p 00012000 103:01 5247601                   /usr/lib/jvm/java-17-openjdk/lib/libnet.so
7f0854c16000-7f0854c17000 r--p 00015000 103:01 5247601                   /usr/lib/jvm/java-17-openjdk/lib/libnet.so
7f0854c17000-7f0854c18000 rw-p 00016000 103:01 5247601                   /usr/lib/jvm/java-17-openjdk/lib/libnet.so
7f0854c18000-7f0854c1e000 r--p 00000000 103:01 5247603                   /usr/lib/jvm/java-17-openjdk/lib/libnio.so
7f0854c1e000-7f0854c26000 r-xp 00006000 103:01 5247603                   /usr/lib/jvm/java-17-openjdk/lib/libnio.so
7f0854c26000-7f0854c2a000 r--p 0000e000 103:01 5247603                   /usr/lib/jvm/java-17-openjdk/lib/libnio.so
7f0854c2a000-7f0854c2b000 ---p 00012000 103:01 5247603                   /usr/lib/jvm/java-17-openjdk/lib/libnio.so
7f0854c2b000-7f0854c2c000 r--p 00012000 103:01 5247603                   /usr/lib/jvm/java-17-openjdk/lib/libnio.so
7f0854c2c000-7f0854c2d000 rw-p 00013000 103:01 5247603                   /usr/lib/jvm/java-17-openjdk/lib/libnio.so
7f0854c2d000-7f0854c31000 r--p 00000000 103:01 5247611                   /usr/lib/jvm/java-17-openjdk/lib/libsvml.so
7f0854c31000-7f0854c72000 r-xp 00004000 103:01 5247611                   /usr/lib/jvm/java-17-openjdk/lib/libsvml.so
7f0854c72000-7f0854cfb000 r--p 00045000 103:01 5247611                   /usr/lib/jvm/java-17-openjdk/lib/libsvml.so
7f0854cfb000-7f0854cfc000 r--p 000cd000 103:01 5247611                   /usr/lib/jvm/java-17-openjdk/lib/libsvml.so
7f0854cfc000-7f0854cfd000 rw-p 000ce000 103:01 5247611                   /usr/lib/jvm/java-17-openjdk/lib/libsvml.so
7f0854cfd000-7f08571b5000 rw-p 00000000 00:00 0 
7f08571b5000-7f0857285000 ---p 00000000 00:00 0 
7f0857285000-7f0857286000 ---p 00000000 00:00 0 
7f0857286000-7f085740d000 rw-p 00000000 00:00 0 
7f085740d000-7f08574dc000 ---p 00000000 00:00 0 
7f08574dc000-7f0857515000 rw-p 00000000 00:00 0 
7f0857515000-7f0857587000 ---p 00000000 00:00 0 
7f0857587000-7f0857597000 rw-p 00000000 00:00 0 
7f0857597000-7f0857673000 ---p 00000000 00:00 0 
7f0857673000-7f085769f000 rw-p 00000000 00:00 0 
7f085769f000-7f085775e000 ---p 00000000 00:00 0 
7f085775e000-7f0857763000 rw-p 00000000 00:00 0 
7f0857763000-7f085776a000 ---p 00000000 00:00 0 
7f085776a000-7f0857776000 r--p 00000000 103:01 5247580                   /usr/lib/jvm/java-17-openjdk/lib/libjava.so
7f0857776000-7f0857787000 r-xp 0000c000 103:01 5247580                   /usr/lib/jvm/java-17-openjdk/lib/libjava.so
7f0857787000-7f085778d000 r--p 0001d000 103:01 5247580                   /usr/lib/jvm/java-17-openjdk/lib/libjava.so
7f085778d000-7f085778e000 r--p 00022000 103:01 5247580                   /usr/lib/jvm/java-17-openjdk/lib/libjava.so
7f085778e000-7f085778f000 rw-p 00023000 103:01 5247580                   /usr/lib/jvm/java-17-openjdk/lib/libjava.so
7f085778f000-7f0857790000 rw-p 00000000 00:00 0 
7f0857790000-7f0857794000 ---p 00000000 00:00 0 
7f0857794000-7f0857891000 rw-p 00000000 00:00 0 
7f0857891000-7f0857894000 r--p 00000000 103:01 5117993                   /usr/lib/libgcc_s.so.1
7f0857894000-7f08578a6000 r-xp 00003000 103:01 5117993                   /usr/lib/libgcc_s.so.1
7f08578a6000-7f08578a9000 r--p 00015000 103:01 5117993                   /usr/lib/libgcc_s.so.1
7f08578a9000-7f08578aa000 ---p 00018000 103:01 5117993                   /usr/lib/libgcc_s.so.1
7f08578aa000-7f08578ab000 r--p 00018000 103:01 5117993                   /usr/lib/libgcc_s.so.1
7f08578ab000-7f08578ac000 rw-p 00019000 103:01 5117993                   /usr/lib/libgcc_s.so.1
7f08578ac000-7f08578bb000 r--p 00000000 103:01 5118063                   /usr/lib/libm-2.33.so
7f08578bb000-7f0857955000 r-xp 0000f000 103:01 5118063                   /usr/lib/libm-2.33.so
7f0857955000-7f08579ed000 r--p 000a9000 103:01 5118063                   /usr/lib/libm-2.33.so
7f08579ed000-7f08579ee000 ---p 00141000 103:01 5118063                   /usr/lib/libm-2.33.so
7f08579ee000-7f08579ef000 r--p 00141000 103:01 5118063                   /usr/lib/libm-2.33.so
7f08579ef000-7f08579f0000 rw-p 00142000 103:01 5118063                   /usr/lib/libm-2.33.so
7f08579f0000-7f0857a89000 r--p 00000000 103:01 5118170                   /usr/lib/libstdc++.so.6.0.29
7f0857a89000-7f0857b89000 r-xp 00099000 103:01 5118170                   /usr/lib/libstdc++.so.6.0.29
7f0857b89000-7f0857bf5000 r--p 00199000 103:01 5118170                   /usr/lib/libstdc++.so.6.0.29
7f0857bf5000-7f0857c02000 r--p 00204000 103:01 5118170                   /usr/lib/libstdc++.so.6.0.29
7f0857c02000-7f0857c03000 rw-p 00211000 103:01 5118170                   /usr/lib/libstdc++.so.6.0.29
7f0857c03000-7f0857c06000 rw-p 00000000 00:00 0 
7f0857c06000-7f0857e55000 r--p 00000000 103:01 5905706                   /usr/lib/jvm/java-17-openjdk/lib/server/libjvm.so
7f0857e55000-7f0858b7f000 r-xp 0024f000 103:01 5905706                   /usr/lib/jvm/java-17-openjdk/lib/server/libjvm.so
7f0858b7f000-7f0858dff000 r--p 00f79000 103:01 5905706                   /usr/lib/jvm/java-17-openjdk/lib/server/libjvm.so
7f0858dff000-7f0858eb7000 r--p 011f8000 103:01 5905706                   /usr/lib/jvm/java-17-openjdk/lib/server/libjvm.so
7f0858eb7000-7f0858eeb000 rw-p 012b0000 103:01 5905706                   /usr/lib/jvm/java-17-openjdk/lib/server/libjvm.so
7f0858eeb000-7f0858f47000 rw-p 00000000 00:00 0 
7f0858f47000-7f0858f4e000 r--p 00000000 103:01 5118145                   /usr/lib/libpthread-2.33.so
7f0858f4e000-7f0858f5d000 r-xp 00007000 103:01 5118145                   /usr/lib/libpthread-2.33.so
7f0858f5d000-7f0858f61000 r--p 00016000 103:01 5118145                   /usr/lib/libpthread-2.33.so
7f0858f61000-7f0858f62000 ---p 0001a000 103:01 5118145                   /usr/lib/libpthread-2.33.so
7f0858f62000-7f0858f63000 r--p 0001a000 103:01 5118145                   /usr/lib/libpthread-2.33.so
7f0858f63000-7f0858f64000 rw-p 0001b000 103:01 5118145                   /usr/lib/libpthread-2.33.so
7f0858f64000-7f0858f68000 rw-p 00000000 00:00 0 
7f0858f68000-7f0858f6a000 r--p 00000000 103:01 5117956                   /usr/lib/libdl-2.33.so
7f0858f6a000-7f0858f6c000 r-xp 00002000 103:01 5117956                   /usr/lib/libdl-2.33.so
7f0858f6c000-7f0858f6d000 r--p 00004000 103:01 5117956                   /usr/lib/libdl-2.33.so
7f0858f6d000-7f0858f6e000 r--p 00004000 103:01 5117956                   /usr/lib/libdl-2.33.so
7f0858f6e000-7f0858f6f000 rw-p 00005000 103:01 5117956                   /usr/lib/libdl-2.33.so
7f0858f6f000-7f0858f72000 r--p 00000000 103:01 5118236                   /usr/lib/libz.so.1.2.11
7f0858f72000-7f0858f80000 r-xp 00003000 103:01 5118236                   /usr/lib/libz.so.1.2.11
7f0858f80000-7f0858f86000 r--p 00011000 103:01 5118236                   /usr/lib/libz.so.1.2.11
7f0858f86000-7f0858f87000 ---p 00017000 103:01 5118236                   /usr/lib/libz.so.1.2.11
7f0858f87000-7f0858f88000 r--p 00017000 103:01 5118236                   /usr/lib/libz.so.1.2.11
7f0858f88000-7f0858f89000 rw-p 00018000 103:01 5118236                   /usr/lib/libz.so.1.2.11
7f0858f89000-7f0858faf000 r--p 00000000 103:01 5117931                   /usr/lib/libc-2.33.so
7f0858faf000-7f08590fa000 r-xp 00026000 103:01 5117931                   /usr/lib/libc-2.33.so
7f08590fa000-7f0859146000 r--p 00171000 103:01 5117931                   /usr/lib/libc-2.33.so
7f0859146000-7f0859149000 r--p 001bc000 103:01 5117931                   /usr/lib/libc-2.33.so
7f0859149000-7f085914c000 rw-p 001bf000 103:01 5117931                   /usr/lib/libc-2.33.so
7f085914c000-7f0859155000 rw-p 00000000 00:00 0 
7f0859157000-7f085915f000 rw-s 00000000 00:22 193                        /tmp/hsperfdata_fritz/11380
7f085915f000-7f0859162000 r--p 00000000 103:01 5118105                   /usr/lib/libnss_files-2.33.so
7f0859162000-7f0859169000 r-xp 00003000 103:01 5118105                   /usr/lib/libnss_files-2.33.so
7f0859169000-7f085916b000 r--p 0000a000 103:01 5118105                   /usr/lib/libnss_files-2.33.so
7f085916b000-7f085916c000 r--p 0000b000 103:01 5118105                   /usr/lib/libnss_files-2.33.so
7f085916c000-7f085916d000 rw-p 0000c000 103:01 5118105                   /usr/lib/libnss_files-2.33.so
7f085916d000-7f0859173000 rw-p 00000000 00:00 0 
7f0859173000-7f0859174000 ---p 00000000 00:00 0 
7f0859174000-7f0859175000 r--p 00000000 00:00 0 
7f0859175000-7f0859176000 ---p 00000000 00:00 0 
7f0859176000-7f0859178000 r--p 00000000 103:01 5247585                   /usr/lib/jvm/java-17-openjdk/lib/libjimage.so
7f0859178000-7f085917b000 r-xp 00002000 103:01 5247585                   /usr/lib/jvm/java-17-openjdk/lib/libjimage.so
7f085917b000-7f085917c000 r--p 00005000 103:01 5247585                   /usr/lib/jvm/java-17-openjdk/lib/libjimage.so
7f085917c000-7f085917d000 ---p 00006000 103:01 5247585                   /usr/lib/jvm/java-17-openjdk/lib/libjimage.so
7f085917d000-7f085917e000 r--p 00006000 103:01 5247585                   /usr/lib/jvm/java-17-openjdk/lib/libjimage.so
7f085917e000-7f085917f000 rw-p 00007000 103:01 5247585                   /usr/lib/jvm/java-17-openjdk/lib/libjimage.so
7f085917f000-7f0859181000 r--p 00000000 103:01 5247587                   /usr/lib/jvm/java-17-openjdk/lib/libjli.so
7f0859181000-7f085918a000 r-xp 00002000 103:01 5247587                   /usr/lib/jvm/java-17-openjdk/lib/libjli.so
7f085918a000-7f085918d000 r--p 0000b000 103:01 5247587                   /usr/lib/jvm/java-17-openjdk/lib/libjli.so
7f085918d000-7f085918e000 ---p 0000e000 103:01 5247587                   /usr/lib/jvm/java-17-openjdk/lib/libjli.so
7f085918e000-7f085918f000 r--p 0000e000 103:01 5247587                   /usr/lib/jvm/java-17-openjdk/lib/libjli.so
7f085918f000-7f0859190000 rw-p 0000f000 103:01 5247587                   /usr/lib/jvm/java-17-openjdk/lib/libjli.so
7f0859190000-7f0859192000 rw-p 00000000 00:00 0 
7f0859192000-7f0859193000 r--p 00000000 103:01 5117885                   /usr/lib/ld-2.33.so
7f0859193000-7f08591b7000 r-xp 00001000 103:01 5117885                   /usr/lib/ld-2.33.so
7f08591b7000-7f08591c0000 r--p 00025000 103:01 5117885                   /usr/lib/ld-2.33.so
7f08591c0000-7f08591c2000 r--p 0002d000 103:01 5117885                   /usr/lib/ld-2.33.so
7f08591c2000-7f08591c4000 rw-p 0002f000 103:01 5117885                   /usr/lib/ld-2.33.so
7ffea560b000-7ffea562c000 rw-p 00000000 00:00 0                          [stack]
7ffea56dd000-7ffea56e1000 r--p 00000000 00:00 0                          [vvar]
7ffea56e1000-7ffea56e3000 r-xp 00000000 00:00 0                          [vdso]
ffffffffff600000-ffffffffff601000 --xp 00000000 00:00 0                  [vsyscall]


VM Arguments:
jvm_args: --add-modules=ALL-SYSTEM --add-opens=java.base/java.util=ALL-UNNAMED --add-opens=java.base/java.lang=ALL-UNNAMED -Declipse.application=org.eclipse.jdt.ls.core.id1 -Dosgi.bundles.defaultStartLevel=4 -Declipse.product=org.eclipse.jdt.ls.core.product -Djava.import.generatesMetadataFilesAtProjectRoot=false -Dfile.encoding=utf8 -XX:+UseParallelGC -XX:GCTimeRatio=4 -XX:AdaptiveSizePolicyWeight=90 -Dsun.zip.disableMemoryMapping=true -Xmx1G -Xms100m -XX:+HeapDumpOnOutOfMemoryError -XX:HeapDumpPath=/home/fritz/.config/VSCodium/User/workspaceStorage/ce076870c36d25dc29dc3cfdd126bfea/redhat.java 
java_command: /home/fritz/.vscode-oss/extensions/redhat.java-1.1.0/server/plugins/org.eclipse.equinox.launcher_1.6.400.v20210924-0641.jar -configuration /home/fritz/.config/VSCodium/User/globalStorage/redhat.java/1.1.0/config_linux -data /home/fritz/.config/VSCodium/User/workspaceStorage/ce076870c36d25dc29dc3cfdd126bfea/redhat.java/jdt_ws
java_class_path (initial): /home/fritz/.vscode-oss/extensions/redhat.java-1.1.0/server/plugins/org.eclipse.equinox.launcher_1.6.400.v20210924-0641.jar
Launcher Type: SUN_STANDARD

[Global flags]
    uintx AdaptiveSizePolicyWeight                 = 90                                        {product} {command line}
     intx CICompilerCount                          = 4                                         {product} {ergonomic}
    uintx GCTimeRatio                              = 4                                         {product} {command line}
     bool HeapDumpOnOutOfMemoryError               = true                                   {manageable} {command line}
    ccstr HeapDumpPath                             = /home/fritz/.config/VSCodium/User/workspaceStorage/ce076870c36d25dc29dc3cfdd126bfea/redhat.java         {manageable} {command line}
   size_t InitialHeapSize                          = 104857600                                 {product} {command line}
   size_t MaxHeapSize                              = 1073741824                                {product} {command line}
   size_t MaxNewSize                               = 357564416                                 {product} {ergonomic}
   size_t MinHeapDeltaBytes                        = 524288                                    {product} {ergonomic}
   size_t MinHeapSize                              = 104857600                                 {product} {command line}
   size_t NewSize                                  = 34603008                                  {product} {ergonomic}
    uintx NonNMethodCodeHeapSize                   = 5839372                                {pd product} {ergonomic}
    uintx NonProfiledCodeHeapSize                  = 122909434                              {pd product} {ergonomic}
   size_t OldSize                                  = 70254592                                  {product} {ergonomic}
    uintx ProfiledCodeHeapSize                     = 122909434                              {pd product} {ergonomic}
    uintx ReservedCodeCacheSize                    = 251658240                              {pd product} {ergonomic}
     bool SegmentedCodeCache                       = true                                      {product} {ergonomic}
   size_t SoftMaxHeapSize                          = 1073741824                             {manageable} {ergonomic}
     bool UseCompressedClassPointers               = true                           {product lp64_product} {ergonomic}
     bool UseCompressedOops                        = true                           {product lp64_product} {ergonomic}
     bool UseParallelGC                            = true                                      {product} {command line}

Logging:
Log output configuration:
 #0: stdout all=warning uptime,level,tags
 #1: stderr all=off uptime,level,tags

Environment Variables:
PATH=/home/fritz/.local/bin:/opt/google-cloud-sdk/bin:/usr/local/bin:/usr/bin:/usr/local/sbin:/usr/lib/jvm/default/bin:/usr/bin/site_perl:/usr/bin/vendor_perl:/usr/bin/core_perl
USERNAME=fritz
SHELL=/bin/zsh
DISPLAY=:1
LANG=en_US.UTF-8

Signal Handlers:
   SIGSEGV: 0x00007f0858afd1c0 in libjvm.so+15692224, mask=11100100010111111101111111111110, flags=SA_RESTART|SA_SIGINFO
    SIGBUS: 0x00007f0858afd1c0 in libjvm.so+15692224, mask=11100100010111111101111111111110, flags=SA_RESTART|SA_SIGINFO
    SIGFPE: 0x00007f0858afd1c0 in libjvm.so+15692224, mask=11100100010111111101111111111110, flags=SA_RESTART|SA_SIGINFO
   SIGPIPE: 0x00007f085899f410 in libjvm.so+14259216, mask=11100100010111111101111111111110, flags=SA_RESTART|SA_SIGINFO
   SIGXFSZ: 0x00007f085899f410 in libjvm.so+14259216, mask=11100100010111111101111111111110, flags=SA_RESTART|SA_SIGINFO
    SIGILL: 0x00007f0858afd1c0 in libjvm.so+15692224, mask=11100100010111111101111111111110, flags=SA_RESTART|SA_SIGINFO
   SIGUSR2: 0x00007f085899ea90 in libjvm.so+14256784, mask=00000000000000000000000000000000, flags=SA_RESTART|SA_SIGINFO
    SIGHUP: 0x00007f085899e9b0 in libjvm.so+14256560, mask=11100100010111111101111111111110, flags=SA_RESTART|SA_SIGINFO
    SIGINT: 0x00007f085899e9b0 in libjvm.so+14256560, mask=11100100010111111101111111111110, flags=SA_RESTART|SA_SIGINFO
   SIGTERM: 0x00007f085899e9b0 in libjvm.so+14256560, mask=11100100010111111101111111111110, flags=SA_RESTART|SA_SIGINFO
   SIGQUIT: 0x00007f085899e9b0 in libjvm.so+14256560, mask=11100100010111111101111111111110, flags=SA_RESTART|SA_SIGINFO
   SIGTRAP: 0x00007f0858afd1c0 in libjvm.so+15692224, mask=11100100010111111101111111111110, flags=SA_RESTART|SA_SIGINFO


---------------  S Y S T E M  ---------------

OS:
DISTRIB_ID=ManjaroLinux
DISTRIB_RELEASE=21.2.0
DISTRIB_CODENAME=Qonos
DISTRIB_DESCRIPTION="Manjaro Linux"
uname: Linux 5.10.79-1-MANJARO #1 SMP PREEMPT Fri Nov 12 20:26:09 UTC 2021 x86_64
OS uptime: 0 days 1:14 hours
libc: glibc 2.33 NPTL 2.33 
rlimit (soft/hard): STACK 8192k/infinity , CORE infinity/infinity , NPROC 63718/63718 , NOFILE 524288/524288 , AS infinity/infinity , CPU infinity/infinity , DATA infinity/infinity , FSIZE infinity/infinity , MEMLOCK 1024k/1024k
load average: 1,25 1,16 1,05

/proc/meminfo:
MemTotal:       16392828 kB
MemFree:         7039144 kB
MemAvailable:   10194692 kB
Buffers:          218520 kB
Cached:          3297676 kB
SwapCached:            0 kB
Active:          1333960 kB
Inactive:        7226384 kB
Active(anon):      33024 kB
Inactive(anon):  5233992 kB
Active(file):    1300936 kB
Inactive(file):  1992392 kB
Unevictable:          64 kB
Mlocked:              64 kB
SwapTotal:      18036916 kB
SwapFree:       18036916 kB
Dirty:              1224 kB
Writeback:             0 kB
AnonPages:       5044592 kB
Mapped:          1392840 kB
Shmem:            222864 kB
KReclaimable:     200372 kB
Slab:             360964 kB
SReclaimable:     200372 kB
SUnreclaim:       160592 kB
KernelStack:       28320 kB
PageTables:        56464 kB
NFS_Unstable:          0 kB
Bounce:                0 kB
WritebackTmp:          0 kB
CommitLimit:    26233328 kB
Committed_AS:   16459592 kB
VmallocTotal:   34359738367 kB
VmallocUsed:      105152 kB
VmallocChunk:          0 kB
Percpu:            31744 kB
HardwareCorrupted:     0 kB
AnonHugePages:         0 kB
ShmemHugePages:        0 kB
ShmemPmdMapped:        0 kB
FileHugePages:         0 kB
FilePmdMapped:         0 kB
CmaTotal:              0 kB
CmaFree:               0 kB
HugePages_Total:       0
HugePages_Free:        0
HugePages_Rsvd:        0
HugePages_Surp:        0
Hugepagesize:       2048 kB
Hugetlb:               0 kB
DirectMap4k:      678544 kB
DirectMap2M:    11847680 kB
DirectMap1G:     4194304 kB

/sys/kernel/mm/transparent_hugepage/enabled: always [madvise] never
/sys/kernel/mm/transparent_hugepage/defrag (defrag/compaction efforts parameter): always defer defer+madvise [madvise] never

Process Memory:
Virtual Size: 6436704K (peak: 6436704K)
Resident Set Size: 833276K (peak: 877480K) (anon: 686032K, file: 147212K, shmem: 32K)
Swapped out: 0K
C-Heap outstanding allocations: 39607K

/proc/sys/kernel/threads-max (system-wide limit on the number of threads): 127437
/proc/sys/vm/max_map_count (maximum number of memory map areas a process may have): 65530
/proc/sys/kernel/pid_max (system-wide limit on number of process identifiers): 4194304

container (cgroup) information:
container_type: cgroupv2
cpu_cpuset_cpus: not supported
cpu_memory_nodes: not supported
active_processor_count: 12
cpu_quota: not supported
cpu_period: not supported
cpu_shares: not supported
memory_limit_in_bytes: unlimited
memory_and_swap_limit_in_bytes: unlimited
memory_soft_limit_in_bytes: unlimited
memory_usage_in_bytes: 1746255872
memory_max_usage_in_bytes: not supported

Steal ticks since vm start: 0
Steal ticks percentage since vm start:  0,000

CPU: total 12 (initial active 12) (12 cores per cpu, 2 threads per core) family 23 model 113 stepping 0 microcode 0x8701021, cx8, cmov, fxsr, ht, mmx, 3dnowpref, sse, sse2, sse3, ssse3, sse4a, sse4.1, sse4.2, popcnt, lzcnt, tsc, tscinvbit, avx, avx2, aes, clmul, bmi1, bmi2, adx, sha, fma, vzeroupper, clflush, clflushopt
CPU Model and flags from /proc/cpuinfo:
model name	: AMD Ryzen 5 3600 6-Core Processor
flags		: fpu vme de pse tsc msr pae mce cx8 apic sep mtrr pge mca cmov pat pse36 clflush mmx fxsr sse sse2 ht syscall nx mmxext fxsr_opt pdpe1gb rdtscp lm constant_tsc rep_good nopl nonstop_tsc cpuid extd_apicid aperfmperf pni pclmulqdq monitor ssse3 fma cx16 sse4_1 sse4_2 movbe popcnt aes xsave avx f16c rdrand lahf_lm cmp_legacy svm extapic cr8_legacy abm sse4a misalignsse 3dnowprefetch osvw ibs skinit wdt tce topoext perfctr_core perfctr_nb bpext perfctr_llc mwaitx cpb cat_l3 cdp_l3 hw_pstate sme ssbd mba sev ibpb stibp vmmcall sev_es fsgsbase bmi1 avx2 smep bmi2 cqm rdt_a rdseed adx smap clflushopt clwb sha_ni xsaveopt xsavec xgetbv1 xsaves cqm_llc cqm_occup_llc cqm_mbm_total cqm_mbm_local clzero irperf xsaveerptr rdpru wbnoinvd arat npt lbrv svm_lock nrip_save tsc_scale vmcb_clean flushbyasid decodeassists pausefilter pfthreshold avic v_vmsave_vmload vgif umip rdpid overflow_recov succor smca

Online cpus: 0-11
Offline cpus: 12-31
BIOS frequency limitation: 3600000
Frequency switch latency (ns): 0
Available cpu frequencies: 3600000 2800000 2200000 
Current governor: schedutil
Core performance/turbo boost: 1

Memory: 4k page, physical 16392828k(7039144k free), swap 18036916k(18036916k free)
Page Sizes: 4k

vm_info: OpenJDK 64-Bit Server VM (17.0.1+12) for linux-amd64 JRE (17.0.1+12), built on Oct 23 2021 15:46:46 by "builduser" with gcc 11.1.0

END.
